<testExecutions version="1">
  <file path="src\common\components\EventSteps\__tests__\EventSteps.test.tsx">
    <testCase name="matches snapshot" duration="50" />
    <testCase name="renders correct title" duration="43" />
  </file>
  <file path="src\common\components\FormHelperText\__tests__\FormHelperText.test.tsx">
    <testCase name="matches snapshot" duration="19" />
  </file>
  <file path="src\common\components\SrOnly\__tests__\SrOnly.test.tsx">
    <testCase name="matches snapshot 1" duration="66" />
    <testCase name="matches snapshot 2" duration="10" />
    <testCase name="matches snapshot 3" duration="11" />
  </file>
  <file path="src\common\components\autoSuggest\__test__\AutoSuggest.test.tsx">
    <testCase name="&lt;AutoSuggest /&gt; - renders without crashing" duration="34" />
    <testCase name="&lt;AutoSuggest /&gt; - show correct value in input" duration="25" />
    <testCase name="&lt;AutoSuggest /&gt; - calls setInputValue correctly when user types to input" duration="5025">
      <error message="Test timed out in 5000ms.
If this is a long-running test, pass a timeout value as the last argument or configure it globally with &quot;testTimeout&quot;.">
        <![CDATA[Error: Test timed out in 5000ms.
If this is a long-running test, pass a timeout value as the last argument or configure it globally with &quot;testTimeout&quot;.
    at Timeout.&lt;anonymous&gt; (file:///C:/dev/projects/City-of-Helsinki/palvelutarjotin-admin/node_modules/@vitest/runner/dist/index.js:63:16)
    at listOnTimeout (node:internal/timers:573:17)
    at processTimers (node:internal/timers:514:7)]]>
      </error>
    </testCase>
    <testCase name="&lt;AutoSuggest /&gt; - shows autocomplete list when using arrow key" duration="5014">
      <error message="Test timed out in 5000ms.
If this is a long-running test, pass a timeout value as the last argument or configure it globally with &quot;testTimeout&quot;.">
        <![CDATA[Error: Test timed out in 5000ms.
If this is a long-running test, pass a timeout value as the last argument or configure it globally with &quot;testTimeout&quot;.
    at Timeout.&lt;anonymous&gt; (file:///C:/dev/projects/City-of-Helsinki/palvelutarjotin-admin/node_modules/@vitest/runner/dist/index.js:63:16)
    at listOnTimeout (node:internal/timers:573:17)
    at processTimers (node:internal/timers:514:7)]]>
      </error>
    </testCase>
    <testCase name="&lt;AutoSuggest /&gt; - show focused autocomplete item correctly and calls onChange when item selected" duration="5013">
      <error message="Test timed out in 5000ms.
If this is a long-running test, pass a timeout value as the last argument or configure it globally with &quot;testTimeout&quot;.">
        <![CDATA[Error: Test timed out in 5000ms.
If this is a long-running test, pass a timeout value as the last argument or configure it globally with &quot;testTimeout&quot;.
    at Timeout.&lt;anonymous&gt; (file:///C:/dev/projects/City-of-Helsinki/palvelutarjotin-admin/node_modules/@vitest/runner/dist/index.js:63:16)
    at listOnTimeout (node:internal/timers:573:17)
    at processTimers (node:internal/timers:514:7)]]>
      </error>
    </testCase>
    <testCase name="&lt;AutoSuggest /&gt; - calls onChange when clicking one of the options" duration="5036">
      <error message="Test timed out in 5000ms.
If this is a long-running test, pass a timeout value as the last argument or configure it globally with &quot;testTimeout&quot;.">
        <![CDATA[Error: Test timed out in 5000ms.
If this is a long-running test, pass a timeout value as the last argument or configure it globally with &quot;testTimeout&quot;.
    at Timeout.&lt;anonymous&gt; (file:///C:/dev/projects/City-of-Helsinki/palvelutarjotin-admin/node_modules/@vitest/runner/dist/index.js:63:16)
    at listOnTimeout (node:internal/timers:573:17)
    at processTimers (node:internal/timers:514:7)]]>
      </error>
    </testCase>
  </file>
  <file path="src\common\components\backButton\__tests__\BackButton.test.tsx">
    <testCase name="matches snapshot" duration="38" />
    <testCase name="calls onClick callback when clicked and displays correct text" duration="5403">
      <error message="Test timed out in 5000ms.
If this is a long-running test, pass a timeout value as the last argument or configure it globally with &quot;testTimeout&quot;.">
        <![CDATA[Error: Test timed out in 5000ms.
If this is a long-running test, pass a timeout value as the last argument or configure it globally with &quot;testTimeout&quot;.
    at Timeout.&lt;anonymous&gt; (file:///C:/dev/projects/City-of-Helsinki/palvelutarjotin-admin/node_modules/@vitest/runner/dist/index.js:63:16)
    at listOnTimeout (node:internal/timers:573:17)
    at processTimers (node:internal/timers:514:7)]]>
      </error>
    </testCase>
  </file>
  <file path="src\common\components\deleteButton\__tests__\DeleteButton.test.tsx">
    <testCase name="matches snapshot" duration="54">
      <error message="Snapshot `matches snapshot 1` mismatched">
        <![CDATA[Error: Snapshot `matches snapshot 1` mismatched
    at createMismatchError (file:///C:/dev/projects/City-of-Helsinki/palvelutarjotin-admin/node_modules/@vitest/snapshot/dist/index.js:1420:17)
    at SnapshotClient.assert (file:///C:/dev/projects/City-of-Helsinki/palvelutarjotin-admin/node_modules/@vitest/snapshot/dist/index.js:1517:13)
    at Proxy.&lt;anonymous&gt; (file:///C:/dev/projects/City-of-Helsinki/palvelutarjotin-admin/node_modules/vitest/dist/vendor/vi.C5mroSoP.js:231:29)
    at Proxy.toMatchSnapshot (C:\dev\projects\City-of-Helsinki\palvelutarjotin-admin\node_modules\chai\lib\chai\utils\addMethod.js:57:25)
    at C:\dev\projects\City-of-Helsinki\palvelutarjotin-admin\src\common\components\deleteButton\__tests__\DeleteButton.test.tsx:13:21
    at file:///C:/dev/projects/City-of-Helsinki/palvelutarjotin-admin/node_modules/@vitest/runner/dist/index.js:134:14
    at file:///C:/dev/projects/City-of-Helsinki/palvelutarjotin-admin/node_modules/@vitest/runner/dist/index.js:59:26
    at runTest (file:///C:/dev/projects/City-of-Helsinki/palvelutarjotin-admin/node_modules/@vitest/runner/dist/index.js:719:17)
    at runSuite (file:///C:/dev/projects/City-of-Helsinki/palvelutarjotin-admin/node_modules/@vitest/runner/dist/index.js:847:15)
    at runFiles (file:///C:/dev/projects/City-of-Helsinki/palvelutarjotin-admin/node_modules/@vitest/runner/dist/index.js:896:5)]]>
      </error>
    </testCase>
    <testCase name="render correct text and calls onClick callback when clicked" duration="5026">
      <error message="Test timed out in 5000ms.
If this is a long-running test, pass a timeout value as the last argument or configure it globally with &quot;testTimeout&quot;.">
        <![CDATA[Error: Test timed out in 5000ms.
If this is a long-running test, pass a timeout value as the last argument or configure it globally with &quot;testTimeout&quot;.
    at Timeout.&lt;anonymous&gt; (file:///C:/dev/projects/City-of-Helsinki/palvelutarjotin-admin/node_modules/@vitest/runner/dist/index.js:63:16)
    at listOnTimeout (node:internal/timers:573:17)
    at processTimers (node:internal/timers:514:7)]]>
      </error>
    </testCase>
  </file>
  <file path="src\common\components\fieldLabel\__tests__\FieldLabel.test.tsx">
    <testCase name="matched snapshot" duration="55">
      <error message="Snapshot `matched snapshot 1` mismatched">
        <![CDATA[Error: Snapshot `matched snapshot 1` mismatched
    at createMismatchError (file:///C:/dev/projects/City-of-Helsinki/palvelutarjotin-admin/node_modules/@vitest/snapshot/dist/index.js:1420:17)
    at SnapshotClient.assert (file:///C:/dev/projects/City-of-Helsinki/palvelutarjotin-admin/node_modules/@vitest/snapshot/dist/index.js:1517:13)
    at Proxy.&lt;anonymous&gt; (file:///C:/dev/projects/City-of-Helsinki/palvelutarjotin-admin/node_modules/vitest/dist/vendor/vi.C5mroSoP.js:231:29)
    at Proxy.toMatchSnapshot (C:\dev\projects\City-of-Helsinki\palvelutarjotin-admin\node_modules\chai\lib\chai\utils\addMethod.js:57:25)
    at C:\dev\projects\City-of-Helsinki\palvelutarjotin-admin\src\common\components\fieldLabel\__tests__\FieldLabel.test.tsx:18:24
    at file:///C:/dev/projects/City-of-Helsinki/palvelutarjotin-admin/node_modules/@vitest/runner/dist/index.js:134:14
    at file:///C:/dev/projects/City-of-Helsinki/palvelutarjotin-admin/node_modules/@vitest/runner/dist/index.js:59:26
    at runTest (file:///C:/dev/projects/City-of-Helsinki/palvelutarjotin-admin/node_modules/@vitest/runner/dist/index.js:719:17)
    at runSuite (file:///C:/dev/projects/City-of-Helsinki/palvelutarjotin-admin/node_modules/@vitest/runner/dist/index.js:847:15)
    at runFiles (file:///C:/dev/projects/City-of-Helsinki/palvelutarjotin-admin/node_modules/@vitest/runner/dist/index.js:896:5)]]>
      </error>
    </testCase>
  </file>
  <file path="src\common\components\inputWrapper\__tests__\InputWrapper.test.tsx">
    <testCase name="matched snapshot" duration="40" />
  </file>
  <file path="src\common\components\loadingSpinner\__tests__\LoadingSpinner.test.tsx">
    <testCase name="LoadingSpinner matches snapshot" duration="22" />
  </file>
  <file path="src\common\components\menuDropdown\__tests__\MenuDropdown.test.tsx">
    <testCase name="MenuDropdown component - changes focused item correctly" duration="5469">
      <error message="Test timed out in 5000ms.
If this is a long-running test, pass a timeout value as the last argument or configure it globally with &quot;testTimeout&quot;.">
        <![CDATA[Error: Test timed out in 5000ms.
If this is a long-running test, pass a timeout value as the last argument or configure it globally with &quot;testTimeout&quot;.
    at Timeout.&lt;anonymous&gt; (file:///C:/dev/projects/City-of-Helsinki/palvelutarjotin-admin/node_modules/@vitest/runner/dist/index.js:63:16)
    at listOnTimeout (node:internal/timers:573:17)
    at processTimers (node:internal/timers:514:7)]]>
      </error>
    </testCase>
    <testCase name="MenuDropdown component - calls onChange callback correctly" duration="59" />
  </file>
  <file path="src\common\components\textEditor\__tests__\TextEditor.test.tsx">
    <testCase name="should call onChange" duration="0">
      <skipped message="should call onChange" />
    </testCase>
  </file>
  <file path="src\common\components\textWithHTMLOrLineBreaks\__tests__\TextWithHTMLOrLineBreaks.test.tsx">
    <testCase name="TextWithHTMLOrLineBreaks matches snapshot" duration="37" />
    <testCase name="TextWithHTMLOrLineBreaks matches snapshot" duration="14" />
  </file>
  <file path="src\common\components\textWithLineBreaks\__tests__\TextWithLineBreaks.test.tsx">
    <testCase name="TextWithLineBreaks matches snapshot" duration="27" />
  </file>
  <file path="src\domain\app\__tests__\ScrollToTop.test.tsx">
    <testCase name="focuses and scrolls to top when route changes" duration="0">
      <skipped message="focuses and scrolls to top when route changes" />
    </testCase>
  </file>
  <file path="src\domain\app\__tests__\apolloRHHC.test.tsx">
    <testCase name="test issues in connection between the apollo client and the RHHC-lib - apollo client should work with RHHC-lib - has apollo client initialized properly in the config" duration="13" />
    <testCase name="test issues in connection between the apollo client and the RHHC-lib - apollo client should work with RHHC-lib - renders any component that needs the apollo client" duration="56" />
    <testCase name="test issues in connection between the apollo client and the RHHC-lib - apollo client should work with RHHC-lib - renders component that needs the apollo client with a custom wrapper %p ()=&gt;{
            const apolloClient = __vite_ssr_import_2__.useApolloClient();
            return /*#__PURE__*/ __vite_ssr_import_0__.jsxDEV(&quot;div&quot;, {
                children: apolloClient.version
            }, void 0, false, {
                fileName: &quot;C:/dev/projects/City-of-Helsinki/palvelutarjotin-admin/src/domain/app/__tests__/apolloRHHC.test.tsx&quot;,
                lineNumber: 44,
                columnNumber: 14
            }, this);
        }" duration="15" />
    <testCase name="test issues in connection between the apollo client and the RHHC-lib - apollo client should work with RHHC-lib - renders component that needs the apollo client with a custom wrapper %p ()=&gt;{
            const { apolloClient } = __vite_ssr_import_6__.useConfig();
            return /*#__PURE__*/ __vite_ssr_import_0__.jsxDEV(&quot;div&quot;, {
                children: apolloClient?.version
            }, void 0, false, {
                fileName: &quot;C:/dev/projects/City-of-Helsinki/palvelutarjotin-admin/src/domain/app/__tests__/apolloRHHC.test.tsx&quot;,
                lineNumber: 49,
                columnNumber: 14
            }, this);
        }" duration="10" />
    <testCase name="test issues in connection between the apollo client and the RHHC-lib - apollo client should work with RHHC-lib - renders component that needs the apollo client with a custom wrapper %p ()=&gt;/*#__PURE__*/ __vite_ssr_import_0__.jsxDEV(__vite_ssr_import_7__.Navigation, {
                onTitleClick: __vite_ssr_import_1__.vi.fn(),
                menuName: &apos;&apos;,
                getPathnameForLanguage: __vite_ssr_import_1__.vi.fn()
            }, void 0, false, {
                fileName: &quot;C:/dev/projects/City-of-Helsinki/palvelutarjotin-admin/src/domain/app/__tests__/apolloRHHC.test.tsx&quot;,
                lineNumber: 53,
                columnNumber: 7
            }, this)" duration="30" />
    <testCase name="test issues in connection between the apollo client and the RHHC-lib - mockedProvider - offers apollo client" duration="4" />
    <testCase name="test issues in connection between the apollo client and the RHHC-lib - mockedProvider - apollo client is usable with useConfig" duration="7" />
    <testCase name="test issues in connection between the apollo client and the RHHC-lib - mockedProvider - useRHHCConfig - works with apollo provider" duration="21" />
  </file>
  <file path="src\domain\app\footer\__tests__\Footer.test.tsx">
    <testCase name="Footer matches snapshot" duration="29">
      <error message="When using components from the apollo sub module, you must include a compatible apollo client in the apolloClient field of the config object you provide with ConfigProvider">
        <![CDATA[Error: When using components from the apollo sub module, you must include a compatible apollo client in the apolloClient field of the config object you provide with ConfigProvider
    at useQueryWithApolloClientFromConfig (C:\dev\projects\City-of-Helsinki\palvelutarjotin-admin\node_modules\react-helsinki-headless-cms\apollo.js:36:11)
    at Module.useMenuQuery (C:\dev\projects\City-of-Helsinki\palvelutarjotin-admin\node_modules\react-helsinki-headless-cms\apollo.js:44:34)
    at Footer (C:\dev\projects\City-of-Helsinki\palvelutarjotin-admin\src\domain\app\footer\Footer.tsx:32:27)
    at renderWithHooks (C:\dev\projects\City-of-Helsinki\palvelutarjotin-admin\node_modules\react-dom\cjs\react-dom.development.js:16305:18)
    at mountIndeterminateComponent (C:\dev\projects\City-of-Helsinki\palvelutarjotin-admin\node_modules\react-dom\cjs\react-dom.development.js:20074:13)
    at beginWork (C:\dev\projects\City-of-Helsinki\palvelutarjotin-admin\node_modules\react-dom\cjs\react-dom.development.js:21587:16)
    at beginWork$1 (C:\dev\projects\City-of-Helsinki\palvelutarjotin-admin\node_modules\react-dom\cjs\react-dom.development.js:27426:14)
    at performUnitOfWork (C:\dev\projects\City-of-Helsinki\palvelutarjotin-admin\node_modules\react-dom\cjs\react-dom.development.js:26560:12)
    at workLoopSync (C:\dev\projects\City-of-Helsinki\palvelutarjotin-admin\node_modules\react-dom\cjs\react-dom.development.js:26466:5)
    at renderRootSync (C:\dev\projects\City-of-Helsinki\palvelutarjotin-admin\node_modules\react-dom\cjs\react-dom.development.js:26434:7)]]>
      </error>
    </testCase>
  </file>
  <file path="src\domain\app\header\__tests__\Header.test.tsx">
    <testCase name="Header matches snapshot" duration="79">
      <error message="Snapshot `Header matches snapshot 1` mismatched">
        <![CDATA[Error: Snapshot `Header matches snapshot 1` mismatched
    at createMismatchError (file:///C:/dev/projects/City-of-Helsinki/palvelutarjotin-admin/node_modules/@vitest/snapshot/dist/index.js:1420:17)
    at SnapshotClient.assert (file:///C:/dev/projects/City-of-Helsinki/palvelutarjotin-admin/node_modules/@vitest/snapshot/dist/index.js:1517:13)
    at Proxy.&lt;anonymous&gt; (file:///C:/dev/projects/City-of-Helsinki/palvelutarjotin-admin/node_modules/vitest/dist/vendor/vi.C5mroSoP.js:231:29)
    at Proxy.toMatchSnapshot (C:\dev\projects\City-of-Helsinki\palvelutarjotin-admin\node_modules\chai\lib\chai\utils\addMethod.js:57:25)
    at C:\dev\projects\City-of-Helsinki\palvelutarjotin-admin\src\domain\app\header\__tests__\Header.test.tsx:53:32
    at file:///C:/dev/projects/City-of-Helsinki/palvelutarjotin-admin/node_modules/@vitest/runner/dist/index.js:134:14
    at file:///C:/dev/projects/City-of-Helsinki/palvelutarjotin-admin/node_modules/@vitest/runner/dist/index.js:59:26
    at runTest (file:///C:/dev/projects/City-of-Helsinki/palvelutarjotin-admin/node_modules/@vitest/runner/dist/index.js:719:17)
    at runSuite (file:///C:/dev/projects/City-of-Helsinki/palvelutarjotin-admin/node_modules/@vitest/runner/dist/index.js:847:15)
    at runFiles (file:///C:/dev/projects/City-of-Helsinki/palvelutarjotin-admin/node_modules/@vitest/runner/dist/index.js:896:5)]]>
      </error>
    </testCase>
    <testCase name="focuses skip link first" duration="5027">
      <error message="Test timed out in 5000ms.
If this is a long-running test, pass a timeout value as the last argument or configure it globally with &quot;testTimeout&quot;.">
        <![CDATA[Error: Test timed out in 5000ms.
If this is a long-running test, pass a timeout value as the last argument or configure it globally with &quot;testTimeout&quot;.
    at Timeout.&lt;anonymous&gt; (file:///C:/dev/projects/City-of-Helsinki/palvelutarjotin-admin/node_modules/@vitest/runner/dist/index.js:63:16)
    at listOnTimeout (node:internal/timers:573:17)
    at processTimers (node:internal/timers:514:7)]]>
      </error>
    </testCase>
    <testCase name="header renders cms menu items" duration="5034">
      <error message="Test timed out in 5000ms.
If this is a long-running test, pass a timeout value as the last argument or configure it globally with &quot;testTimeout&quot;.">
        <![CDATA[Error: Test timed out in 5000ms.
If this is a long-running test, pass a timeout value as the last argument or configure it globally with &quot;testTimeout&quot;.
    at Timeout.&lt;anonymous&gt; (file:///C:/dev/projects/City-of-Helsinki/palvelutarjotin-admin/node_modules/@vitest/runner/dist/index.js:63:16)
    at listOnTimeout (node:internal/timers:573:17)
    at processTimers (node:internal/timers:514:7)]]>
      </error>
    </testCase>
  </file>
  <file path="src\domain\app\layout\__tests__\Container.test.tsx">
    <testCase name="Container matches snapshot" duration="26" />
  </file>
  <file path="src\domain\app\layout\__tests__\PageLayout.test.tsx">
    <testCase name="PageLayout matches snapshot" duration="140">
      <error message="When using components from the apollo sub module, you must include a compatible apollo client in the apolloClient field of the config object you provide with ConfigProvider">
        <![CDATA[Error: When using components from the apollo sub module, you must include a compatible apollo client in the apolloClient field of the config object you provide with ConfigProvider
    at useQueryWithApolloClientFromConfig (C:\dev\projects\City-of-Helsinki\palvelutarjotin-admin\node_modules\react-helsinki-headless-cms\apollo.js:36:11)
    at Module.useLanguagesQuery (C:\dev\projects\City-of-Helsinki\palvelutarjotin-admin\node_modules\react-helsinki-headless-cms\apollo.js:44:34)
    at Header (C:\dev\projects\City-of-Helsinki\palvelutarjotin-admin\src\domain\app\header\Header.tsx:99:26)
    at renderWithHooks (C:\dev\projects\City-of-Helsinki\palvelutarjotin-admin\node_modules\react-dom\cjs\react-dom.development.js:16305:18)
    at mountIndeterminateComponent (C:\dev\projects\City-of-Helsinki\palvelutarjotin-admin\node_modules\react-dom\cjs\react-dom.development.js:20074:13)
    at beginWork (C:\dev\projects\City-of-Helsinki\palvelutarjotin-admin\node_modules\react-dom\cjs\react-dom.development.js:21587:16)
    at beginWork$1 (C:\dev\projects\City-of-Helsinki\palvelutarjotin-admin\node_modules\react-dom\cjs\react-dom.development.js:27426:14)
    at performUnitOfWork (C:\dev\projects\City-of-Helsinki\palvelutarjotin-admin\node_modules\react-dom\cjs\react-dom.development.js:26560:12)
    at workLoopSync (C:\dev\projects\City-of-Helsinki\palvelutarjotin-admin\node_modules\react-dom\cjs\react-dom.development.js:26466:5)
    at renderRootSync (C:\dev\projects\City-of-Helsinki\palvelutarjotin-admin\node_modules\react-dom\cjs\react-dom.development.js:26434:7)]]>
      </error>
    </testCase>
    <testCase name="Pagelayout renders profile page and registration pending page after submitting (for 3rd party providers)" duration="5090">
      <error message="Test timed out in 5000ms.
If this is a long-running test, pass a timeout value as the last argument or configure it globally with &quot;testTimeout&quot;.">
        <![CDATA[Error: Test timed out in 5000ms.
If this is a long-running test, pass a timeout value as the last argument or configure it globally with &quot;testTimeout&quot;.
    at Timeout.&lt;anonymous&gt; (file:///C:/dev/projects/City-of-Helsinki/palvelutarjotin-admin/node_modules/@vitest/runner/dist/index.js:63:16)
    at listOnTimeout (node:internal/timers:573:17)
    at processTimers (node:internal/timers:514:7)]]>
      </error>
    </testCase>
    <testCase name="Pagelayout renders children when user has profile, organisations and has staff role" duration="5020">
      <error message="Test timed out in 5000ms.
If this is a long-running test, pass a timeout value as the last argument or configure it globally with &quot;testTimeout&quot;.">
        <![CDATA[Error: Test timed out in 5000ms.
If this is a long-running test, pass a timeout value as the last argument or configure it globally with &quot;testTimeout&quot;.
    at Timeout.&lt;anonymous&gt; (file:///C:/dev/projects/City-of-Helsinki/palvelutarjotin-admin/node_modules/@vitest/runner/dist/index.js:63:16)
    at listOnTimeout (node:internal/timers:573:17)
    at processTimers (node:internal/timers:514:7)]]>
      </error>
    </testCase>
    <testCase name="render registration pending page" duration="5019">
      <error message="Test timed out in 5000ms.
If this is a long-running test, pass a timeout value as the last argument or configure it globally with &quot;testTimeout&quot;.">
        <![CDATA[Error: Test timed out in 5000ms.
If this is a long-running test, pass a timeout value as the last argument or configure it globally with &quot;testTimeout&quot;.
    at Timeout.&lt;anonymous&gt; (file:///C:/dev/projects/City-of-Helsinki/palvelutarjotin-admin/node_modules/@vitest/runner/dist/index.js:63:16)
    at listOnTimeout (node:internal/timers:573:17)
    at processTimers (node:internal/timers:514:7)]]>
      </error>
    </testCase>
  </file>
  <file path="src\domain\app\layout\__tests__\PageWrapper.test.tsx">
    <testCase name="PageWrapper matches snapshot" duration="47" />
  </file>
  <file path="src\domain\app\routes\__tests__\AppRoutes.test.tsx">
    <testCase name="redirect user from root to /fi by default" duration="5192">
      <error message="Test timed out in 5000ms.
If this is a long-running test, pass a timeout value as the last argument or configure it globally with &quot;testTimeout&quot;.">
        <![CDATA[Error: Test timed out in 5000ms.
If this is a long-running test, pass a timeout value as the last argument or configure it globally with &quot;testTimeout&quot;.
    at Timeout.&lt;anonymous&gt; (file:///C:/dev/projects/City-of-Helsinki/palvelutarjotin-admin/node_modules/@vitest/runner/dist/index.js:63:16)
    at listOnTimeout (node:internal/timers:573:17)
    at processTimers (node:internal/timers:514:7)]]>
      </error>
    </testCase>
    <testCase name="user from supported locale will be redirect to LocaleRoutes with that locale" duration="5056">
      <error message="Test timed out in 5000ms.
If this is a long-running test, pass a timeout value as the last argument or configure it globally with &quot;testTimeout&quot;.">
        <![CDATA[Error: Test timed out in 5000ms.
If this is a long-running test, pass a timeout value as the last argument or configure it globally with &quot;testTimeout&quot;.
    at Timeout.&lt;anonymous&gt; (file:///C:/dev/projects/City-of-Helsinki/palvelutarjotin-admin/node_modules/@vitest/runner/dist/index.js:63:16)
    at listOnTimeout (node:internal/timers:573:17)
    at processTimers (node:internal/timers:514:7)]]>
      </error>
    </testCase>
    <testCase name="user from unsupported locale prefix will be redirect to route with support prefix" duration="5046">
      <error message="Test timed out in 5000ms.
If this is a long-running test, pass a timeout value as the last argument or configure it globally with &quot;testTimeout&quot;.">
        <![CDATA[Error: Test timed out in 5000ms.
If this is a long-running test, pass a timeout value as the last argument or configure it globally with &quot;testTimeout&quot;.
    at Timeout.&lt;anonymous&gt; (file:///C:/dev/projects/City-of-Helsinki/palvelutarjotin-admin/node_modules/@vitest/runner/dist/index.js:63:16)
    at listOnTimeout (node:internal/timers:573:17)
    at processTimers (node:internal/timers:514:7)]]>
      </error>
    </testCase>
    <testCase name="user without locale prefix will be redirect to route with support prefix" duration="5084">
      <error message="Test timed out in 5000ms.
If this is a long-running test, pass a timeout value as the last argument or configure it globally with &quot;testTimeout&quot;.">
        <![CDATA[Error: Test timed out in 5000ms.
If this is a long-running test, pass a timeout value as the last argument or configure it globally with &quot;testTimeout&quot;.
    at Timeout.&lt;anonymous&gt; (file:///C:/dev/projects/City-of-Helsinki/palvelutarjotin-admin/node_modules/@vitest/runner/dist/index.js:63:16)
    at listOnTimeout (node:internal/timers:573:17)
    at processTimers (node:internal/timers:514:7)]]>
      </error>
    </testCase>
    <testCase name="user with route with unsupport locale will be redirect to LocaleRoutes anyway, with supported locale" duration="5041">
      <error message="Test timed out in 5000ms.
If this is a long-running test, pass a timeout value as the last argument or configure it globally with &quot;testTimeout&quot;.">
        <![CDATA[Error: Test timed out in 5000ms.
If this is a long-running test, pass a timeout value as the last argument or configure it globally with &quot;testTimeout&quot;.
    at Timeout.&lt;anonymous&gt; (file:///C:/dev/projects/City-of-Helsinki/palvelutarjotin-admin/node_modules/@vitest/runner/dist/index.js:63:16)
    at listOnTimeout (node:internal/timers:573:17)
    at processTimers (node:internal/timers:514:7)]]>
      </error>
    </testCase>
  </file>
  <file path="src\domain\enrolment\__tests__\EditEnrolmentPage.test.tsx">

  </file>
  <file path="src\domain\enrolment\enrolmentStatusBadge\__tests__\EnrolmentStatusBadge.test.tsx">
    <testCase name="matches snapshot" duration="22" />
    <testCase name="show correct status text" duration="16" />
  </file>
  <file path="src\domain\errorPage\__tests__\ErrorPage.test.tsx">
    <testCase name="matches snapshot" duration="51">
      <error message="[vitest] No &quot;BrowserRouter&quot; export is defined on the &quot;react-router-dom&quot; mock. Did you forget to return it from &quot;vi.mock&quot;?
If you need to partially mock a module, you can use &quot;importOriginal&quot; helper inside:
">
        <![CDATA[Error: [vitest] No &quot;BrowserRouter&quot; export is defined on the &quot;react-router-dom&quot; mock. Did you forget to return it from &quot;vi.mock&quot;?
If you need to partially mock a module, you can use &quot;importOriginal&quot; helper inside:

    at VitestMocker.createError (file:///C:/dev/projects/City-of-Helsinki/palvelutarjotin-admin/node_modules/vitest/dist/vendor/execute.27Kk4lQF.js:79:19)
    at Object.BrowserRouter [as get] (file:///C:/dev/projects/City-of-Helsinki/palvelutarjotin-admin/node_modules/vitest/dist/vendor/execute.27Kk4lQF.js:153:22)
    at Wrapper (C:\dev\projects\City-of-Helsinki\palvelutarjotin-admin\src\utils\testUtils.tsx:85:12)
    at renderWithHooks (C:\dev\projects\City-of-Helsinki\palvelutarjotin-admin\node_modules\react-dom\cjs\react-dom.development.js:16305:18)
    at mountIndeterminateComponent (C:\dev\projects\City-of-Helsinki\palvelutarjotin-admin\node_modules\react-dom\cjs\react-dom.development.js:20074:13)
    at beginWork (C:\dev\projects\City-of-Helsinki\palvelutarjotin-admin\node_modules\react-dom\cjs\react-dom.development.js:21587:16)
    at beginWork$1 (C:\dev\projects\City-of-Helsinki\palvelutarjotin-admin\node_modules\react-dom\cjs\react-dom.development.js:27426:14)
    at performUnitOfWork (C:\dev\projects\City-of-Helsinki\palvelutarjotin-admin\node_modules\react-dom\cjs\react-dom.development.js:26560:12)
    at workLoopSync (C:\dev\projects\City-of-Helsinki\palvelutarjotin-admin\node_modules\react-dom\cjs\react-dom.development.js:26466:5)
    at renderRootSync (C:\dev\projects\City-of-Helsinki\palvelutarjotin-admin\node_modules\react-dom\cjs\react-dom.development.js:26434:7)]]>
      </error>
    </testCase>
    <testCase name="renders correct texts when props are provided" duration="9">
      <error message="[vitest] No &quot;BrowserRouter&quot; export is defined on the &quot;react-router-dom&quot; mock. Did you forget to return it from &quot;vi.mock&quot;?
If you need to partially mock a module, you can use &quot;importOriginal&quot; helper inside:
">
        <![CDATA[Error: [vitest] No &quot;BrowserRouter&quot; export is defined on the &quot;react-router-dom&quot; mock. Did you forget to return it from &quot;vi.mock&quot;?
If you need to partially mock a module, you can use &quot;importOriginal&quot; helper inside:

    at VitestMocker.createError (file:///C:/dev/projects/City-of-Helsinki/palvelutarjotin-admin/node_modules/vitest/dist/vendor/execute.27Kk4lQF.js:79:19)
    at Object.BrowserRouter [as get] (file:///C:/dev/projects/City-of-Helsinki/palvelutarjotin-admin/node_modules/vitest/dist/vendor/execute.27Kk4lQF.js:153:22)
    at Wrapper (C:\dev\projects\City-of-Helsinki\palvelutarjotin-admin\src\utils\testUtils.tsx:85:12)
    at renderWithHooks (C:\dev\projects\City-of-Helsinki\palvelutarjotin-admin\node_modules\react-dom\cjs\react-dom.development.js:16305:18)
    at mountIndeterminateComponent (C:\dev\projects\City-of-Helsinki\palvelutarjotin-admin\node_modules\react-dom\cjs\react-dom.development.js:20074:13)
    at beginWork (C:\dev\projects\City-of-Helsinki\palvelutarjotin-admin\node_modules\react-dom\cjs\react-dom.development.js:21587:16)
    at beginWork$1 (C:\dev\projects\City-of-Helsinki\palvelutarjotin-admin\node_modules\react-dom\cjs\react-dom.development.js:27426:14)
    at performUnitOfWork (C:\dev\projects\City-of-Helsinki\palvelutarjotin-admin\node_modules\react-dom\cjs\react-dom.development.js:26560:12)
    at workLoopSync (C:\dev\projects\City-of-Helsinki\palvelutarjotin-admin\node_modules\react-dom\cjs\react-dom.development.js:26466:5)
    at renderRootSync (C:\dev\projects\City-of-Helsinki\palvelutarjotin-admin\node_modules\react-dom\cjs\react-dom.development.js:26434:7)]]>
      </error>
    </testCase>
    <testCase name="render correct default texts" duration="3">
      <error message="useNavigate does not exist">
        <![CDATA[Error: useNavigate does not exist
    at R (file:///C:/dev/projects/City-of-Helsinki/palvelutarjotin-admin/node_modules/tinyspy/dist/index.js:4:11)
    at Module.E (file:///C:/dev/projects/City-of-Helsinki/palvelutarjotin-admin/node_modules/tinyspy/dist/index.js:89:3)
    at Object.spyOn (file:///C:/dev/projects/City-of-Helsinki/palvelutarjotin-admin/node_modules/@vitest/spy/dist/index.js:13:24)
    at C:\dev\projects\City-of-Helsinki\palvelutarjotin-admin\src\domain\errorPage\__tests__\ErrorPage.test.tsx:32:6
    at file:///C:/dev/projects/City-of-Helsinki/palvelutarjotin-admin/node_modules/@vitest/runner/dist/index.js:134:14
    at file:///C:/dev/projects/City-of-Helsinki/palvelutarjotin-admin/node_modules/@vitest/runner/dist/index.js:59:26
    at runTest (file:///C:/dev/projects/City-of-Helsinki/palvelutarjotin-admin/node_modules/@vitest/runner/dist/index.js:719:17)
    at runSuite (file:///C:/dev/projects/City-of-Helsinki/palvelutarjotin-admin/node_modules/@vitest/runner/dist/index.js:847:15)
    at runFiles (file:///C:/dev/projects/City-of-Helsinki/palvelutarjotin-admin/node_modules/@vitest/runner/dist/index.js:896:5)
    at startTests (file:///C:/dev/projects/City-of-Helsinki/palvelutarjotin-admin/node_modules/@vitest/runner/dist/index.js:905:3)]]>
      </error>
    </testCase>
  </file>
  <file path="src\domain\event\__tests__\CreateEventPage.test.tsx">

  </file>
  <file path="src\domain\event\__tests__\EditEventPage.test.tsx">
    <testCase name="edit event form initializes and submits correctly" duration="7">
      <error message="&quot;setSystemTime&quot; was called already and date was mocked. Reset timers using `vi.useRealTimers()` if you want to use fake timers again.">
        <![CDATA[Error: &quot;setSystemTime&quot; was called already and date was mocked. Reset timers using `vi.useRealTimers()` if you want to use fake timers again.
    at FakeTimers.useFakeTimers (file:///C:/dev/projects/City-of-Helsinki/palvelutarjotin-admin/node_modules/vitest/dist/vendor/vi.C5mroSoP.js:3125:13)
    at Object.useFakeTimers (file:///C:/dev/projects/City-of-Helsinki/palvelutarjotin-admin/node_modules/vitest/dist/vendor/vi.C5mroSoP.js:3344:15)
    at C:\dev\projects\City-of-Helsinki\palvelutarjotin-admin\src\test\vitest-setup.ts:23:6
    at file:///C:/dev/projects/City-of-Helsinki/palvelutarjotin-admin/node_modules/@vitest/runner/dist/index.js:134:14
    at file:///C:/dev/projects/City-of-Helsinki/palvelutarjotin-admin/node_modules/@vitest/runner/dist/index.js:59:26
    at file:///C:/dev/projects/City-of-Helsinki/palvelutarjotin-admin/node_modules/@vitest/runner/dist/index.js:638:59
    at Array.map (&lt;anonymous&gt;)
    at callSuiteHook (file:///C:/dev/projects/City-of-Helsinki/palvelutarjotin-admin/node_modules/@vitest/runner/dist/index.js:638:47)
    at runTest (file:///C:/dev/projects/City-of-Helsinki/palvelutarjotin-admin/node_modules/@vitest/runner/dist/index.js:712:36)
    at runSuite (file:///C:/dev/projects/City-of-Helsinki/palvelutarjotin-admin/node_modules/@vitest/runner/dist/index.js:847:15)]]>
      </error>
    </testCase>
    <testCase name="returns to create occurrences page when it should after saving" duration="1">
      <error message="&quot;setSystemTime&quot; was called already and date was mocked. Reset timers using `vi.useRealTimers()` if you want to use fake timers again.">
        <![CDATA[Error: &quot;setSystemTime&quot; was called already and date was mocked. Reset timers using `vi.useRealTimers()` if you want to use fake timers again.
    at FakeTimers.useFakeTimers (file:///C:/dev/projects/City-of-Helsinki/palvelutarjotin-admin/node_modules/vitest/dist/vendor/vi.C5mroSoP.js:3125:13)
    at Object.useFakeTimers (file:///C:/dev/projects/City-of-Helsinki/palvelutarjotin-admin/node_modules/vitest/dist/vendor/vi.C5mroSoP.js:3344:15)
    at C:\dev\projects\City-of-Helsinki\palvelutarjotin-admin\src\test\vitest-setup.ts:23:6
    at file:///C:/dev/projects/City-of-Helsinki/palvelutarjotin-admin/node_modules/@vitest/runner/dist/index.js:134:14
    at file:///C:/dev/projects/City-of-Helsinki/palvelutarjotin-admin/node_modules/@vitest/runner/dist/index.js:59:26
    at file:///C:/dev/projects/City-of-Helsinki/palvelutarjotin-admin/node_modules/@vitest/runner/dist/index.js:638:59
    at Array.map (&lt;anonymous&gt;)
    at callSuiteHook (file:///C:/dev/projects/City-of-Helsinki/palvelutarjotin-admin/node_modules/@vitest/runner/dist/index.js:638:47)
    at runTest (file:///C:/dev/projects/City-of-Helsinki/palvelutarjotin-admin/node_modules/@vitest/runner/dist/index.js:712:36)
    at runSuite (file:///C:/dev/projects/City-of-Helsinki/palvelutarjotin-admin/node_modules/@vitest/runner/dist/index.js:847:15)]]>
      </error>
    </testCase>
    <testCase name="Event price section - price field is accessible only when isFree field is not checked" duration="1">
      <error message="&quot;setSystemTime&quot; was called already and date was mocked. Reset timers using `vi.useRealTimers()` if you want to use fake timers again.">
        <![CDATA[Error: &quot;setSystemTime&quot; was called already and date was mocked. Reset timers using `vi.useRealTimers()` if you want to use fake timers again.
    at FakeTimers.useFakeTimers (file:///C:/dev/projects/City-of-Helsinki/palvelutarjotin-admin/node_modules/vitest/dist/vendor/vi.C5mroSoP.js:3125:13)
    at Object.useFakeTimers (file:///C:/dev/projects/City-of-Helsinki/palvelutarjotin-admin/node_modules/vitest/dist/vendor/vi.C5mroSoP.js:3344:15)
    at C:\dev\projects\City-of-Helsinki\palvelutarjotin-admin\src\test\vitest-setup.ts:23:6
    at file:///C:/dev/projects/City-of-Helsinki/palvelutarjotin-admin/node_modules/@vitest/runner/dist/index.js:134:14
    at file:///C:/dev/projects/City-of-Helsinki/palvelutarjotin-admin/node_modules/@vitest/runner/dist/index.js:59:26
    at file:///C:/dev/projects/City-of-Helsinki/palvelutarjotin-admin/node_modules/@vitest/runner/dist/index.js:638:59
    at Array.map (&lt;anonymous&gt;)
    at callSuiteHook (file:///C:/dev/projects/City-of-Helsinki/palvelutarjotin-admin/node_modules/@vitest/runner/dist/index.js:638:47)
    at callSuiteHook (file:///C:/dev/projects/City-of-Helsinki/palvelutarjotin-admin/node_modules/@vitest/runner/dist/index.js:632:16)
    at runTest (file:///C:/dev/projects/City-of-Helsinki/palvelutarjotin-admin/node_modules/@vitest/runner/dist/index.js:712:36)]]>
      </error>
    </testCase>
    <testCase name="Language selection - has Finnish, Swedish and English as language options" duration="2">
      <error message="&quot;setSystemTime&quot; was called already and date was mocked. Reset timers using `vi.useRealTimers()` if you want to use fake timers again.">
        <![CDATA[Error: &quot;setSystemTime&quot; was called already and date was mocked. Reset timers using `vi.useRealTimers()` if you want to use fake timers again.
    at FakeTimers.useFakeTimers (file:///C:/dev/projects/City-of-Helsinki/palvelutarjotin-admin/node_modules/vitest/dist/vendor/vi.C5mroSoP.js:3125:13)
    at Object.useFakeTimers (file:///C:/dev/projects/City-of-Helsinki/palvelutarjotin-admin/node_modules/vitest/dist/vendor/vi.C5mroSoP.js:3344:15)
    at C:\dev\projects\City-of-Helsinki\palvelutarjotin-admin\src\test\vitest-setup.ts:23:6
    at file:///C:/dev/projects/City-of-Helsinki/palvelutarjotin-admin/node_modules/@vitest/runner/dist/index.js:134:14
    at file:///C:/dev/projects/City-of-Helsinki/palvelutarjotin-admin/node_modules/@vitest/runner/dist/index.js:59:26
    at file:///C:/dev/projects/City-of-Helsinki/palvelutarjotin-admin/node_modules/@vitest/runner/dist/index.js:638:59
    at Array.map (&lt;anonymous&gt;)
    at callSuiteHook (file:///C:/dev/projects/City-of-Helsinki/palvelutarjotin-admin/node_modules/@vitest/runner/dist/index.js:638:47)
    at callSuiteHook (file:///C:/dev/projects/City-of-Helsinki/palvelutarjotin-admin/node_modules/@vitest/runner/dist/index.js:632:16)
    at runTest (file:///C:/dev/projects/City-of-Helsinki/palvelutarjotin-admin/node_modules/@vitest/runner/dist/index.js:712:36)]]>
      </error>
    </testCase>
    <testCase name="Language selection - transletable fields appears in selected languages" duration="0">
      <error message="&quot;setSystemTime&quot; was called already and date was mocked. Reset timers using `vi.useRealTimers()` if you want to use fake timers again.">
        <![CDATA[Error: &quot;setSystemTime&quot; was called already and date was mocked. Reset timers using `vi.useRealTimers()` if you want to use fake timers again.
    at FakeTimers.useFakeTimers (file:///C:/dev/projects/City-of-Helsinki/palvelutarjotin-admin/node_modules/vitest/dist/vendor/vi.C5mroSoP.js:3125:13)
    at Object.useFakeTimers (file:///C:/dev/projects/City-of-Helsinki/palvelutarjotin-admin/node_modules/vitest/dist/vendor/vi.C5mroSoP.js:3344:15)
    at C:\dev\projects\City-of-Helsinki\palvelutarjotin-admin\src\test\vitest-setup.ts:23:6
    at file:///C:/dev/projects/City-of-Helsinki/palvelutarjotin-admin/node_modules/@vitest/runner/dist/index.js:134:14
    at file:///C:/dev/projects/City-of-Helsinki/palvelutarjotin-admin/node_modules/@vitest/runner/dist/index.js:59:26
    at file:///C:/dev/projects/City-of-Helsinki/palvelutarjotin-admin/node_modules/@vitest/runner/dist/index.js:638:59
    at Array.map (&lt;anonymous&gt;)
    at callSuiteHook (file:///C:/dev/projects/City-of-Helsinki/palvelutarjotin-admin/node_modules/@vitest/runner/dist/index.js:638:47)
    at callSuiteHook (file:///C:/dev/projects/City-of-Helsinki/palvelutarjotin-admin/node_modules/@vitest/runner/dist/index.js:632:16)
    at runTest (file:///C:/dev/projects/City-of-Helsinki/palvelutarjotin-admin/node_modules/@vitest/runner/dist/index.js:712:36)]]>
      </error>
    </testCase>
    <testCase name="Language selection - filled fields for unselected languages are cleared when submitting the form" duration="0">
      <skipped message="filled fields for unselected languages are cleared when submitting the form" />
    </testCase>
    <testCase name="Language selection - renders current UI language (fi) first when translatable fields are rendered" duration="1">
      <error message="&quot;setSystemTime&quot; was called already and date was mocked. Reset timers using `vi.useRealTimers()` if you want to use fake timers again.">
        <![CDATA[Error: &quot;setSystemTime&quot; was called already and date was mocked. Reset timers using `vi.useRealTimers()` if you want to use fake timers again.
    at FakeTimers.useFakeTimers (file:///C:/dev/projects/City-of-Helsinki/palvelutarjotin-admin/node_modules/vitest/dist/vendor/vi.C5mroSoP.js:3125:13)
    at Object.useFakeTimers (file:///C:/dev/projects/City-of-Helsinki/palvelutarjotin-admin/node_modules/vitest/dist/vendor/vi.C5mroSoP.js:3344:15)
    at C:\dev\projects\City-of-Helsinki\palvelutarjotin-admin\src\test\vitest-setup.ts:23:6
    at file:///C:/dev/projects/City-of-Helsinki/palvelutarjotin-admin/node_modules/@vitest/runner/dist/index.js:134:14
    at file:///C:/dev/projects/City-of-Helsinki/palvelutarjotin-admin/node_modules/@vitest/runner/dist/index.js:59:26
    at file:///C:/dev/projects/City-of-Helsinki/palvelutarjotin-admin/node_modules/@vitest/runner/dist/index.js:638:59
    at Array.map (&lt;anonymous&gt;)
    at callSuiteHook (file:///C:/dev/projects/City-of-Helsinki/palvelutarjotin-admin/node_modules/@vitest/runner/dist/index.js:638:47)
    at callSuiteHook (file:///C:/dev/projects/City-of-Helsinki/palvelutarjotin-admin/node_modules/@vitest/runner/dist/index.js:632:16)
    at runTest (file:///C:/dev/projects/City-of-Helsinki/palvelutarjotin-admin/node_modules/@vitest/runner/dist/index.js:712:36)]]>
      </error>
    </testCase>
    <testCase name="Language selection - renders current UI language (sv) first when translatable fields are rendered" duration="1">
      <error message="&quot;setSystemTime&quot; was called already and date was mocked. Reset timers using `vi.useRealTimers()` if you want to use fake timers again.">
        <![CDATA[Error: &quot;setSystemTime&quot; was called already and date was mocked. Reset timers using `vi.useRealTimers()` if you want to use fake timers again.
    at FakeTimers.useFakeTimers (file:///C:/dev/projects/City-of-Helsinki/palvelutarjotin-admin/node_modules/vitest/dist/vendor/vi.C5mroSoP.js:3125:13)
    at Object.useFakeTimers (file:///C:/dev/projects/City-of-Helsinki/palvelutarjotin-admin/node_modules/vitest/dist/vendor/vi.C5mroSoP.js:3344:15)
    at C:\dev\projects\City-of-Helsinki\palvelutarjotin-admin\src\test\vitest-setup.ts:23:6
    at file:///C:/dev/projects/City-of-Helsinki/palvelutarjotin-admin/node_modules/@vitest/runner/dist/index.js:134:14
    at file:///C:/dev/projects/City-of-Helsinki/palvelutarjotin-admin/node_modules/@vitest/runner/dist/index.js:59:26
    at file:///C:/dev/projects/City-of-Helsinki/palvelutarjotin-admin/node_modules/@vitest/runner/dist/index.js:638:59
    at Array.map (&lt;anonymous&gt;)
    at callSuiteHook (file:///C:/dev/projects/City-of-Helsinki/palvelutarjotin-admin/node_modules/@vitest/runner/dist/index.js:638:47)
    at callSuiteHook (file:///C:/dev/projects/City-of-Helsinki/palvelutarjotin-admin/node_modules/@vitest/runner/dist/index.js:632:16)
    at runTest (file:///C:/dev/projects/City-of-Helsinki/palvelutarjotin-admin/node_modules/@vitest/runner/dist/index.js:712:36)]]>
      </error>
    </testCase>
    <testCase name="Language selection - renders current UI language (en) first when translatable fields are rendered" duration="2">
      <error message="&quot;setSystemTime&quot; was called already and date was mocked. Reset timers using `vi.useRealTimers()` if you want to use fake timers again.">
        <![CDATA[Error: &quot;setSystemTime&quot; was called already and date was mocked. Reset timers using `vi.useRealTimers()` if you want to use fake timers again.
    at FakeTimers.useFakeTimers (file:///C:/dev/projects/City-of-Helsinki/palvelutarjotin-admin/node_modules/vitest/dist/vendor/vi.C5mroSoP.js:3125:13)
    at Object.useFakeTimers (file:///C:/dev/projects/City-of-Helsinki/palvelutarjotin-admin/node_modules/vitest/dist/vendor/vi.C5mroSoP.js:3344:15)
    at C:\dev\projects\City-of-Helsinki\palvelutarjotin-admin\src\test\vitest-setup.ts:23:6
    at file:///C:/dev/projects/City-of-Helsinki/palvelutarjotin-admin/node_modules/@vitest/runner/dist/index.js:134:14
    at file:///C:/dev/projects/City-of-Helsinki/palvelutarjotin-admin/node_modules/@vitest/runner/dist/index.js:59:26
    at file:///C:/dev/projects/City-of-Helsinki/palvelutarjotin-admin/node_modules/@vitest/runner/dist/index.js:638:59
    at Array.map (&lt;anonymous&gt;)
    at callSuiteHook (file:///C:/dev/projects/City-of-Helsinki/palvelutarjotin-admin/node_modules/@vitest/runner/dist/index.js:638:47)
    at callSuiteHook (file:///C:/dev/projects/City-of-Helsinki/palvelutarjotin-admin/node_modules/@vitest/runner/dist/index.js:632:16)
    at runTest (file:///C:/dev/projects/City-of-Helsinki/palvelutarjotin-admin/node_modules/@vitest/runner/dist/index.js:712:36)]]>
      </error>
    </testCase>
  </file>
  <file path="src\domain\event\__tests__\EventDetailsPage.test.tsx">

  </file>
  <file path="src\domain\event\__tests__\EventPreviewPage.test.tsx">
    <testCase name="renders correct information" duration="5103">
      <error message="Test timed out in 5000ms.
If this is a long-running test, pass a timeout value as the last argument or configure it globally with &quot;testTimeout&quot;.">
        <![CDATA[Error: Test timed out in 5000ms.
If this is a long-running test, pass a timeout value as the last argument or configure it globally with &quot;testTimeout&quot;.
    at Timeout.&lt;anonymous&gt; (file:///C:/dev/projects/City-of-Helsinki/palvelutarjotin-admin/node_modules/@vitest/runner/dist/index.js:63:16)
    at listOnTimeout (node:internal/timers:573:17)
    at processTimers (node:internal/timers:514:7)]]>
      </error>
    </testCase>
  </file>
  <file path="src\domain\event\__tests__\EventSummaryPage.test.tsx">
    <testCase name="displays event and occurrences correctly" duration="6">
      <error message="&quot;setSystemTime&quot; was called already and date was mocked. Reset timers using `vi.useRealTimers()` if you want to use fake timers again.">
        <![CDATA[Error: &quot;setSystemTime&quot; was called already and date was mocked. Reset timers using `vi.useRealTimers()` if you want to use fake timers again.
    at FakeTimers.useFakeTimers (file:///C:/dev/projects/City-of-Helsinki/palvelutarjotin-admin/node_modules/vitest/dist/vendor/vi.C5mroSoP.js:3125:13)
    at Object.useFakeTimers (file:///C:/dev/projects/City-of-Helsinki/palvelutarjotin-admin/node_modules/vitest/dist/vendor/vi.C5mroSoP.js:3344:15)
    at C:\dev\projects\City-of-Helsinki\palvelutarjotin-admin\src\test\vitest-setup.ts:23:6
    at file:///C:/dev/projects/City-of-Helsinki/palvelutarjotin-admin/node_modules/@vitest/runner/dist/index.js:134:14
    at file:///C:/dev/projects/City-of-Helsinki/palvelutarjotin-admin/node_modules/@vitest/runner/dist/index.js:59:26
    at file:///C:/dev/projects/City-of-Helsinki/palvelutarjotin-admin/node_modules/@vitest/runner/dist/index.js:638:59
    at Array.map (&lt;anonymous&gt;)
    at callSuiteHook (file:///C:/dev/projects/City-of-Helsinki/palvelutarjotin-admin/node_modules/@vitest/runner/dist/index.js:638:47)
    at runTest (file:///C:/dev/projects/City-of-Helsinki/palvelutarjotin-admin/node_modules/@vitest/runner/dist/index.js:712:36)
    at runSuite (file:///C:/dev/projects/City-of-Helsinki/palvelutarjotin-admin/node_modules/@vitest/runner/dist/index.js:847:15)]]>
      </error>
    </testCase>
    <testCase name="navigates to edit event page when edit button is clicked" duration="1">
      <error message="&quot;setSystemTime&quot; was called already and date was mocked. Reset timers using `vi.useRealTimers()` if you want to use fake timers again.">
        <![CDATA[Error: &quot;setSystemTime&quot; was called already and date was mocked. Reset timers using `vi.useRealTimers()` if you want to use fake timers again.
    at FakeTimers.useFakeTimers (file:///C:/dev/projects/City-of-Helsinki/palvelutarjotin-admin/node_modules/vitest/dist/vendor/vi.C5mroSoP.js:3125:13)
    at Object.useFakeTimers (file:///C:/dev/projects/City-of-Helsinki/palvelutarjotin-admin/node_modules/vitest/dist/vendor/vi.C5mroSoP.js:3344:15)
    at C:\dev\projects\City-of-Helsinki\palvelutarjotin-admin\src\test\vitest-setup.ts:23:6
    at file:///C:/dev/projects/City-of-Helsinki/palvelutarjotin-admin/node_modules/@vitest/runner/dist/index.js:134:14
    at file:///C:/dev/projects/City-of-Helsinki/palvelutarjotin-admin/node_modules/@vitest/runner/dist/index.js:59:26
    at file:///C:/dev/projects/City-of-Helsinki/palvelutarjotin-admin/node_modules/@vitest/runner/dist/index.js:638:59
    at Array.map (&lt;anonymous&gt;)
    at callSuiteHook (file:///C:/dev/projects/City-of-Helsinki/palvelutarjotin-admin/node_modules/@vitest/runner/dist/index.js:638:47)
    at runTest (file:///C:/dev/projects/City-of-Helsinki/palvelutarjotin-admin/node_modules/@vitest/runner/dist/index.js:712:36)
    at runSuite (file:///C:/dev/projects/City-of-Helsinki/palvelutarjotin-admin/node_modules/@vitest/runner/dist/index.js:847:15)]]>
      </error>
    </testCase>
    <testCase name="navigates to edit occurrences page when edit occurrences button is clicked" duration="0">
      <error message="&quot;setSystemTime&quot; was called already and date was mocked. Reset timers using `vi.useRealTimers()` if you want to use fake timers again.">
        <![CDATA[Error: &quot;setSystemTime&quot; was called already and date was mocked. Reset timers using `vi.useRealTimers()` if you want to use fake timers again.
    at FakeTimers.useFakeTimers (file:///C:/dev/projects/City-of-Helsinki/palvelutarjotin-admin/node_modules/vitest/dist/vendor/vi.C5mroSoP.js:3125:13)
    at Object.useFakeTimers (file:///C:/dev/projects/City-of-Helsinki/palvelutarjotin-admin/node_modules/vitest/dist/vendor/vi.C5mroSoP.js:3344:15)
    at C:\dev\projects\City-of-Helsinki\palvelutarjotin-admin\src\test\vitest-setup.ts:23:6
    at file:///C:/dev/projects/City-of-Helsinki/palvelutarjotin-admin/node_modules/@vitest/runner/dist/index.js:134:14
    at file:///C:/dev/projects/City-of-Helsinki/palvelutarjotin-admin/node_modules/@vitest/runner/dist/index.js:59:26
    at file:///C:/dev/projects/City-of-Helsinki/palvelutarjotin-admin/node_modules/@vitest/runner/dist/index.js:638:59
    at Array.map (&lt;anonymous&gt;)
    at callSuiteHook (file:///C:/dev/projects/City-of-Helsinki/palvelutarjotin-admin/node_modules/@vitest/runner/dist/index.js:638:47)
    at runTest (file:///C:/dev/projects/City-of-Helsinki/palvelutarjotin-admin/node_modules/@vitest/runner/dist/index.js:712:36)
    at runSuite (file:///C:/dev/projects/City-of-Helsinki/palvelutarjotin-admin/node_modules/@vitest/runner/dist/index.js:847:15)]]>
      </error>
    </testCase>
    <testCase name="changes edit occurrences button when event has been published" duration="1">
      <error message="&quot;setSystemTime&quot; was called already and date was mocked. Reset timers using `vi.useRealTimers()` if you want to use fake timers again.">
        <![CDATA[Error: &quot;setSystemTime&quot; was called already and date was mocked. Reset timers using `vi.useRealTimers()` if you want to use fake timers again.
    at FakeTimers.useFakeTimers (file:///C:/dev/projects/City-of-Helsinki/palvelutarjotin-admin/node_modules/vitest/dist/vendor/vi.C5mroSoP.js:3125:13)
    at Object.useFakeTimers (file:///C:/dev/projects/City-of-Helsinki/palvelutarjotin-admin/node_modules/vitest/dist/vendor/vi.C5mroSoP.js:3344:15)
    at C:\dev\projects\City-of-Helsinki\palvelutarjotin-admin\src\test\vitest-setup.ts:23:6
    at file:///C:/dev/projects/City-of-Helsinki/palvelutarjotin-admin/node_modules/@vitest/runner/dist/index.js:134:14
    at file:///C:/dev/projects/City-of-Helsinki/palvelutarjotin-admin/node_modules/@vitest/runner/dist/index.js:59:26
    at file:///C:/dev/projects/City-of-Helsinki/palvelutarjotin-admin/node_modules/@vitest/runner/dist/index.js:638:59
    at Array.map (&lt;anonymous&gt;)
    at callSuiteHook (file:///C:/dev/projects/City-of-Helsinki/palvelutarjotin-admin/node_modules/@vitest/runner/dist/index.js:638:47)
    at runTest (file:///C:/dev/projects/City-of-Helsinki/palvelutarjotin-admin/node_modules/@vitest/runner/dist/index.js:712:36)
    at runSuite (file:///C:/dev/projects/City-of-Helsinki/palvelutarjotin-admin/node_modules/@vitest/runner/dist/index.js:847:15)]]>
      </error>
    </testCase>
    <testCase name="does not show enrolments download button when enrolments are not done internally" duration="0">
      <error message="&quot;setSystemTime&quot; was called already and date was mocked. Reset timers using `vi.useRealTimers()` if you want to use fake timers again.">
        <![CDATA[Error: &quot;setSystemTime&quot; was called already and date was mocked. Reset timers using `vi.useRealTimers()` if you want to use fake timers again.
    at FakeTimers.useFakeTimers (file:///C:/dev/projects/City-of-Helsinki/palvelutarjotin-admin/node_modules/vitest/dist/vendor/vi.C5mroSoP.js:3125:13)
    at Object.useFakeTimers (file:///C:/dev/projects/City-of-Helsinki/palvelutarjotin-admin/node_modules/vitest/dist/vendor/vi.C5mroSoP.js:3344:15)
    at C:\dev\projects\City-of-Helsinki\palvelutarjotin-admin\src\test\vitest-setup.ts:23:6
    at file:///C:/dev/projects/City-of-Helsinki/palvelutarjotin-admin/node_modules/@vitest/runner/dist/index.js:134:14
    at file:///C:/dev/projects/City-of-Helsinki/palvelutarjotin-admin/node_modules/@vitest/runner/dist/index.js:59:26
    at file:///C:/dev/projects/City-of-Helsinki/palvelutarjotin-admin/node_modules/@vitest/runner/dist/index.js:638:59
    at Array.map (&lt;anonymous&gt;)
    at callSuiteHook (file:///C:/dev/projects/City-of-Helsinki/palvelutarjotin-admin/node_modules/@vitest/runner/dist/index.js:638:47)
    at runTest (file:///C:/dev/projects/City-of-Helsinki/palvelutarjotin-admin/node_modules/@vitest/runner/dist/index.js:712:36)
    at runSuite (file:///C:/dev/projects/City-of-Helsinki/palvelutarjotin-admin/node_modules/@vitest/runner/dist/index.js:847:15)]]>
      </error>
    </testCase>
    <testCase name="shows upcoming and past occurrences" duration="1">
      <error message="&quot;setSystemTime&quot; was called already and date was mocked. Reset timers using `vi.useRealTimers()` if you want to use fake timers again.">
        <![CDATA[Error: &quot;setSystemTime&quot; was called already and date was mocked. Reset timers using `vi.useRealTimers()` if you want to use fake timers again.
    at FakeTimers.useFakeTimers (file:///C:/dev/projects/City-of-Helsinki/palvelutarjotin-admin/node_modules/vitest/dist/vendor/vi.C5mroSoP.js:3125:13)
    at Object.useFakeTimers (file:///C:/dev/projects/City-of-Helsinki/palvelutarjotin-admin/node_modules/vitest/dist/vendor/vi.C5mroSoP.js:3344:15)
    at C:\dev\projects\City-of-Helsinki\palvelutarjotin-admin\src\test\vitest-setup.ts:23:6
    at file:///C:/dev/projects/City-of-Helsinki/palvelutarjotin-admin/node_modules/@vitest/runner/dist/index.js:134:14
    at file:///C:/dev/projects/City-of-Helsinki/palvelutarjotin-admin/node_modules/@vitest/runner/dist/index.js:59:26
    at file:///C:/dev/projects/City-of-Helsinki/palvelutarjotin-admin/node_modules/@vitest/runner/dist/index.js:638:59
    at Array.map (&lt;anonymous&gt;)
    at callSuiteHook (file:///C:/dev/projects/City-of-Helsinki/palvelutarjotin-admin/node_modules/@vitest/runner/dist/index.js:638:47)
    at runTest (file:///C:/dev/projects/City-of-Helsinki/palvelutarjotin-admin/node_modules/@vitest/runner/dist/index.js:712:36)
    at runSuite (file:///C:/dev/projects/City-of-Helsinki/palvelutarjotin-admin/node_modules/@vitest/runner/dist/index.js:847:15)]]>
      </error>
    </testCase>
    <testCase name="shows full and not full occurrence rows correctly" duration="0">
      <error message="&quot;setSystemTime&quot; was called already and date was mocked. Reset timers using `vi.useRealTimers()` if you want to use fake timers again.">
        <![CDATA[Error: &quot;setSystemTime&quot; was called already and date was mocked. Reset timers using `vi.useRealTimers()` if you want to use fake timers again.
    at FakeTimers.useFakeTimers (file:///C:/dev/projects/City-of-Helsinki/palvelutarjotin-admin/node_modules/vitest/dist/vendor/vi.C5mroSoP.js:3125:13)
    at Object.useFakeTimers (file:///C:/dev/projects/City-of-Helsinki/palvelutarjotin-admin/node_modules/vitest/dist/vendor/vi.C5mroSoP.js:3344:15)
    at C:\dev\projects\City-of-Helsinki\palvelutarjotin-admin\src\test\vitest-setup.ts:23:6
    at file:///C:/dev/projects/City-of-Helsinki/palvelutarjotin-admin/node_modules/@vitest/runner/dist/index.js:134:14
    at file:///C:/dev/projects/City-of-Helsinki/palvelutarjotin-admin/node_modules/@vitest/runner/dist/index.js:59:26
    at file:///C:/dev/projects/City-of-Helsinki/palvelutarjotin-admin/node_modules/@vitest/runner/dist/index.js:638:59
    at Array.map (&lt;anonymous&gt;)
    at callSuiteHook (file:///C:/dev/projects/City-of-Helsinki/palvelutarjotin-admin/node_modules/@vitest/runner/dist/index.js:638:47)
    at runTest (file:///C:/dev/projects/City-of-Helsinki/palvelutarjotin-admin/node_modules/@vitest/runner/dist/index.js:712:36)
    at runSuite (file:///C:/dev/projects/City-of-Helsinki/palvelutarjotin-admin/node_modules/@vitest/runner/dist/index.js:847:15)]]>
      </error>
    </testCase>
    <testCase name="can cancel occurrences from occurrence table actions" duration="1">
      <error message="&quot;setSystemTime&quot; was called already and date was mocked. Reset timers using `vi.useRealTimers()` if you want to use fake timers again.">
        <![CDATA[Error: &quot;setSystemTime&quot; was called already and date was mocked. Reset timers using `vi.useRealTimers()` if you want to use fake timers again.
    at FakeTimers.useFakeTimers (file:///C:/dev/projects/City-of-Helsinki/palvelutarjotin-admin/node_modules/vitest/dist/vendor/vi.C5mroSoP.js:3125:13)
    at Object.useFakeTimers (file:///C:/dev/projects/City-of-Helsinki/palvelutarjotin-admin/node_modules/vitest/dist/vendor/vi.C5mroSoP.js:3344:15)
    at C:\dev\projects\City-of-Helsinki\palvelutarjotin-admin\src\test\vitest-setup.ts:23:6
    at file:///C:/dev/projects/City-of-Helsinki/palvelutarjotin-admin/node_modules/@vitest/runner/dist/index.js:134:14
    at file:///C:/dev/projects/City-of-Helsinki/palvelutarjotin-admin/node_modules/@vitest/runner/dist/index.js:59:26
    at file:///C:/dev/projects/City-of-Helsinki/palvelutarjotin-admin/node_modules/@vitest/runner/dist/index.js:638:59
    at Array.map (&lt;anonymous&gt;)
    at callSuiteHook (file:///C:/dev/projects/City-of-Helsinki/palvelutarjotin-admin/node_modules/@vitest/runner/dist/index.js:638:47)
    at runTest (file:///C:/dev/projects/City-of-Helsinki/palvelutarjotin-admin/node_modules/@vitest/runner/dist/index.js:712:36)
    at runSuite (file:///C:/dev/projects/City-of-Helsinki/palvelutarjotin-admin/node_modules/@vitest/runner/dist/index.js:847:15)]]>
      </error>
    </testCase>
    <testCase name="can download ics file from actions dropdown" duration="0">
      <error message="&quot;setSystemTime&quot; was called already and date was mocked. Reset timers using `vi.useRealTimers()` if you want to use fake timers again.">
        <![CDATA[Error: &quot;setSystemTime&quot; was called already and date was mocked. Reset timers using `vi.useRealTimers()` if you want to use fake timers again.
    at FakeTimers.useFakeTimers (file:///C:/dev/projects/City-of-Helsinki/palvelutarjotin-admin/node_modules/vitest/dist/vendor/vi.C5mroSoP.js:3125:13)
    at Object.useFakeTimers (file:///C:/dev/projects/City-of-Helsinki/palvelutarjotin-admin/node_modules/vitest/dist/vendor/vi.C5mroSoP.js:3344:15)
    at C:\dev\projects\City-of-Helsinki\palvelutarjotin-admin\src\test\vitest-setup.ts:23:6
    at file:///C:/dev/projects/City-of-Helsinki/palvelutarjotin-admin/node_modules/@vitest/runner/dist/index.js:134:14
    at file:///C:/dev/projects/City-of-Helsinki/palvelutarjotin-admin/node_modules/@vitest/runner/dist/index.js:59:26
    at file:///C:/dev/projects/City-of-Helsinki/palvelutarjotin-admin/node_modules/@vitest/runner/dist/index.js:638:59
    at Array.map (&lt;anonymous&gt;)
    at callSuiteHook (file:///C:/dev/projects/City-of-Helsinki/palvelutarjotin-admin/node_modules/@vitest/runner/dist/index.js:638:47)
    at runTest (file:///C:/dev/projects/City-of-Helsinki/palvelutarjotin-admin/node_modules/@vitest/runner/dist/index.js:712:36)
    at runSuite (file:///C:/dev/projects/City-of-Helsinki/palvelutarjotin-admin/node_modules/@vitest/runner/dist/index.js:847:15)]]>
      </error>
    </testCase>
  </file>
  <file path="src\domain\event\eventBasicInfo\__tests__\EventBasicInfo.test.tsx">
    <testCase name="matches snapshot" duration="5074">
      <error message="Test timed out in 5000ms.
If this is a long-running test, pass a timeout value as the last argument or configure it globally with &quot;testTimeout&quot;.">
        <![CDATA[Error: Test timed out in 5000ms.
If this is a long-running test, pass a timeout value as the last argument or configure it globally with &quot;testTimeout&quot;.
    at Timeout.&lt;anonymous&gt; (file:///C:/dev/projects/City-of-Helsinki/palvelutarjotin-admin/node_modules/@vitest/runner/dist/index.js:63:16)
    at listOnTimeout (node:internal/timers:573:17)
    at processTimers (node:internal/timers:514:7)]]>
      </error>
    </testCase>
    <testCase name="renders and shows all the event details" duration="5036">
      <error message="Test timed out in 5000ms.
If this is a long-running test, pass a timeout value as the last argument or configure it globally with &quot;testTimeout&quot;.">
        <![CDATA[Error: Test timed out in 5000ms.
If this is a long-running test, pass a timeout value as the last argument or configure it globally with &quot;testTimeout&quot;.
    at Timeout.&lt;anonymous&gt; (file:///C:/dev/projects/City-of-Helsinki/palvelutarjotin-admin/node_modules/@vitest/runner/dist/index.js:63:16)
    at listOnTimeout (node:internal/timers:573:17)
    at processTimers (node:internal/timers:514:7)]]>
      </error>
    </testCase>
  </file>
  <file path="src\domain\event\eventCard\__tests__\EventCard.test.tsx">
    <testCase name="matches snapshot" duration="43">
      <error message="Snapshot `matches snapshot 1` mismatched">
        <![CDATA[Error: Snapshot `matches snapshot 1` mismatched
    at createMismatchError (file:///C:/dev/projects/City-of-Helsinki/palvelutarjotin-admin/node_modules/@vitest/snapshot/dist/index.js:1420:17)
    at SnapshotClient.assert (file:///C:/dev/projects/City-of-Helsinki/palvelutarjotin-admin/node_modules/@vitest/snapshot/dist/index.js:1517:13)
    at Proxy.&lt;anonymous&gt; (file:///C:/dev/projects/City-of-Helsinki/palvelutarjotin-admin/node_modules/vitest/dist/vendor/vi.C5mroSoP.js:231:29)
    at Proxy.toMatchSnapshot (C:\dev\projects\City-of-Helsinki\palvelutarjotin-admin\node_modules\chai\lib\chai\utils\addMethod.js:57:25)
    at C:\dev\projects\City-of-Helsinki\palvelutarjotin-admin\src\domain\event\eventCard\__tests__\EventCard.test.tsx:21:21
    at file:///C:/dev/projects/City-of-Helsinki/palvelutarjotin-admin/node_modules/@vitest/runner/dist/index.js:134:14
    at file:///C:/dev/projects/City-of-Helsinki/palvelutarjotin-admin/node_modules/@vitest/runner/dist/index.js:59:26
    at runTest (file:///C:/dev/projects/City-of-Helsinki/palvelutarjotin-admin/node_modules/@vitest/runner/dist/index.js:719:17)
    at runSuite (file:///C:/dev/projects/City-of-Helsinki/palvelutarjotin-admin/node_modules/@vitest/runner/dist/index.js:847:15)
    at runFiles (file:///C:/dev/projects/City-of-Helsinki/palvelutarjotin-admin/node_modules/@vitest/runner/dist/index.js:896:5)]]>
      </error>
    </testCase>
    <testCase name="displays correct texts and handles click" duration="258" />
    <testCase name="displays event with external enrolment correctly" duration="9" />
    <testCase name="displays unenrollable event correctly" duration="6" />
  </file>
  <file path="src\domain\event\eventCategorisation\__tests__\EventCategorisation.test.tsx">
    <testCase name="matches snapshot" duration="48" />
    <testCase name="renders and displays information correctly" duration="109" />
    <testCase name="show correct texts with different data" duration="25" />
  </file>
  <file path="src\domain\event\eventContactPersonInfo\__tests__\EventContactPersonInfo.test.tsx">
    <testCase name="matches snapshot" duration="5052">
      <error message="Test timed out in 5000ms.
If this is a long-running test, pass a timeout value as the last argument or configure it globally with &quot;testTimeout&quot;.">
        <![CDATA[Error: Test timed out in 5000ms.
If this is a long-running test, pass a timeout value as the last argument or configure it globally with &quot;testTimeout&quot;.
    at Timeout.&lt;anonymous&gt; (file:///C:/dev/projects/City-of-Helsinki/palvelutarjotin-admin/node_modules/@vitest/runner/dist/index.js:63:16)
    at listOnTimeout (node:internal/timers:573:17)
    at processTimers (node:internal/timers:514:7)]]>
      </error>
    </testCase>
    <testCase name="renders correct contact information and titles" duration="5026">
      <error message="Test timed out in 5000ms.
If this is a long-running test, pass a timeout value as the last argument or configure it globally with &quot;testTimeout&quot;.">
        <![CDATA[Error: Test timed out in 5000ms.
If this is a long-running test, pass a timeout value as the last argument or configure it globally with &quot;testTimeout&quot;.
    at Timeout.&lt;anonymous&gt; (file:///C:/dev/projects/City-of-Helsinki/palvelutarjotin-admin/node_modules/@vitest/runner/dist/index.js:63:16)
    at listOnTimeout (node:internal/timers:573:17)
    at processTimers (node:internal/timers:514:7)]]>
      </error>
    </testCase>
  </file>
  <file path="src\domain\event\eventDetailsButtons\__test__\EventDetailsButtons.test.tsx">
    <testCase name="it renders correct texts and click events work" duration="4">
      <error message="useNavigate does not exist">
        <![CDATA[Error: useNavigate does not exist
    at R (file:///C:/dev/projects/City-of-Helsinki/palvelutarjotin-admin/node_modules/tinyspy/dist/index.js:4:11)
    at Module.E (file:///C:/dev/projects/City-of-Helsinki/palvelutarjotin-admin/node_modules/tinyspy/dist/index.js:89:3)
    at Object.spyOn (file:///C:/dev/projects/City-of-Helsinki/palvelutarjotin-admin/node_modules/@vitest/spy/dist/index.js:13:24)
    at C:\dev\projects\City-of-Helsinki\palvelutarjotin-admin\src\domain\event\eventDetailsButtons\__test__\EventDetailsButtons.test.tsx:45:6
    at file:///C:/dev/projects/City-of-Helsinki/palvelutarjotin-admin/node_modules/@vitest/runner/dist/index.js:134:14
    at file:///C:/dev/projects/City-of-Helsinki/palvelutarjotin-admin/node_modules/@vitest/runner/dist/index.js:59:26
    at runTest (file:///C:/dev/projects/City-of-Helsinki/palvelutarjotin-admin/node_modules/@vitest/runner/dist/index.js:719:17)
    at runSuite (file:///C:/dev/projects/City-of-Helsinki/palvelutarjotin-admin/node_modules/@vitest/runner/dist/index.js:847:15)
    at runFiles (file:///C:/dev/projects/City-of-Helsinki/palvelutarjotin-admin/node_modules/@vitest/runner/dist/index.js:896:5)
    at startTests (file:///C:/dev/projects/City-of-Helsinki/palvelutarjotin-admin/node_modules/@vitest/runner/dist/index.js:905:3)]]>
      </error>
    </testCase>
  </file>
  <file path="src\domain\event\eventForm\__tests__\EventForm.test.tsx">
    <testCase name="test for accessibility violations" duration="0">
      <skipped message="test for accessibility violations" />
    </testCase>
  </file>
  <file path="src\domain\event\eventLanguageSelector\__tests__\EventLanguageSelector.test.tsx">
    <testCase name="language selector button are rendered correctly" duration="5679">
      <error message="Test timed out in 5000ms.
If this is a long-running test, pass a timeout value as the last argument or configure it globally with &quot;testTimeout&quot;.">
        <![CDATA[Error: Test timed out in 5000ms.
If this is a long-running test, pass a timeout value as the last argument or configure it globally with &quot;testTimeout&quot;.
    at Timeout.&lt;anonymous&gt; (file:///C:/dev/projects/City-of-Helsinki/palvelutarjotin-admin/node_modules/@vitest/runner/dist/index.js:63:16)
    at listOnTimeout (node:internal/timers:573:17)
    at processTimers (node:internal/timers:514:7)]]>
      </error>
    </testCase>
  </file>
  <file path="src\domain\event\eventLocation\__tests__\EventLocation.test.tsx">
    <testCase name="renders correctly" duration="5069">
      <error message="Test timed out in 5000ms.
If this is a long-running test, pass a timeout value as the last argument or configure it globally with &quot;testTimeout&quot;.">
        <![CDATA[Error: Test timed out in 5000ms.
If this is a long-running test, pass a timeout value as the last argument or configure it globally with &quot;testTimeout&quot;.
    at Timeout.&lt;anonymous&gt; (file:///C:/dev/projects/City-of-Helsinki/palvelutarjotin-admin/node_modules/@vitest/runner/dist/index.js:63:16)
    at listOnTimeout (node:internal/timers:573:17)
    at processTimers (node:internal/timers:514:7)]]>
      </error>
    </testCase>
  </file>
  <file path="src\domain\event\eventPreviewCard\__tests__\EventPreviewCard.test.tsx">
    <testCase name="renders event information correctly and matches snapshot" duration="656">
      <error message="Snapshot `renders event information correctly and matches snapshot 1` mismatched">
        <![CDATA[Error: Snapshot `renders event information correctly and matches snapshot 1` mismatched
    at createMismatchError (file:///C:/dev/projects/City-of-Helsinki/palvelutarjotin-admin/node_modules/@vitest/snapshot/dist/index.js:1420:17)
    at SnapshotClient.assert (file:///C:/dev/projects/City-of-Helsinki/palvelutarjotin-admin/node_modules/@vitest/snapshot/dist/index.js:1517:13)
    at Proxy.&lt;anonymous&gt; (file:///C:/dev/projects/City-of-Helsinki/palvelutarjotin-admin/node_modules/vitest/dist/vendor/vi.C5mroSoP.js:231:29)
    at Proxy.toMatchSnapshot (C:\dev\projects\City-of-Helsinki\palvelutarjotin-admin\node_modules\chai\lib\chai\utils\addMethod.js:57:25)
    at C:\dev\projects\City-of-Helsinki\palvelutarjotin-admin\src\domain\event\eventPreviewCard\__tests__\EventPreviewCard.test.tsx:52:21
    at file:///C:/dev/projects/City-of-Helsinki/palvelutarjotin-admin/node_modules/@vitest/runner/dist/index.js:134:14
    at file:///C:/dev/projects/City-of-Helsinki/palvelutarjotin-admin/node_modules/@vitest/runner/dist/index.js:59:26
    at runTest (file:///C:/dev/projects/City-of-Helsinki/palvelutarjotin-admin/node_modules/@vitest/runner/dist/index.js:719:17)
    at runSuite (file:///C:/dev/projects/City-of-Helsinki/palvelutarjotin-admin/node_modules/@vitest/runner/dist/index.js:847:15)
    at runFiles (file:///C:/dev/projects/City-of-Helsinki/palvelutarjotin-admin/node_modules/@vitest/runner/dist/index.js:896:5)]]>
      </error>
    </testCase>
    <testCase name="render multiday occurrence dates correctly" duration="20" />
  </file>
  <file path="src\domain\events\__tests__\EventsPage.test.tsx">
    <testCase name="renders events list and load more events button works" duration="5708">
      <error message="Test timed out in 5000ms.
If this is a long-running test, pass a timeout value as the last argument or configure it globally with &quot;testTimeout&quot;.">
        <![CDATA[Error: Test timed out in 5000ms.
If this is a long-running test, pass a timeout value as the last argument or configure it globally with &quot;testTimeout&quot;.
    at Timeout.&lt;anonymous&gt; (file:///C:/dev/projects/City-of-Helsinki/palvelutarjotin-admin/node_modules/@vitest/runner/dist/index.js:63:16)
    at listOnTimeout (node:internal/timers:573:17)
    at processTimers (node:internal/timers:514:7)]]>
      </error>
    </testCase>
    <testCase name="events can be searched with text" duration="5255">
      <error message="Test timed out in 5000ms.
If this is a long-running test, pass a timeout value as the last argument or configure it globally with &quot;testTimeout&quot;.">
        <![CDATA[Error: Test timed out in 5000ms.
If this is a long-running test, pass a timeout value as the last argument or configure it globally with &quot;testTimeout&quot;.
    at Timeout.&lt;anonymous&gt; (file:///C:/dev/projects/City-of-Helsinki/palvelutarjotin-admin/node_modules/@vitest/runner/dist/index.js:63:16)
    at listOnTimeout (node:internal/timers:573:17)
    at processTimers (node:internal/timers:514:7)]]>
      </error>
    </testCase>
    <testCase name="events can be searched with places from user profile" duration="5133">
      <error message="Test timed out in 5000ms.
If this is a long-running test, pass a timeout value as the last argument or configure it globally with &quot;testTimeout&quot;.">
        <![CDATA[Error: Test timed out in 5000ms.
If this is a long-running test, pass a timeout value as the last argument or configure it globally with &quot;testTimeout&quot;.
    at Timeout.&lt;anonymous&gt; (file:///C:/dev/projects/City-of-Helsinki/palvelutarjotin-admin/node_modules/@vitest/runner/dist/index.js:63:16)
    at listOnTimeout (node:internal/timers:573:17)
    at processTimers (node:internal/timers:514:7)]]>
      </error>
    </testCase>
  </file>
  <file path="src\domain\myProfile\__tests__\CreateMyProfile.test.tsx">

  </file>
  <file path="src\domain\myProfile\__tests__\MyProfilePage.test.tsx">

  </file>
  <file path="src\domain\notFound\__tests__\NotFoundPage.test.tsx">
    <testCase name="it matches snapshot" duration="44">
      <error message="[vitest] No &quot;BrowserRouter&quot; export is defined on the &quot;react-router-dom&quot; mock. Did you forget to return it from &quot;vi.mock&quot;?
If you need to partially mock a module, you can use &quot;importOriginal&quot; helper inside:
">
        <![CDATA[Error: [vitest] No &quot;BrowserRouter&quot; export is defined on the &quot;react-router-dom&quot; mock. Did you forget to return it from &quot;vi.mock&quot;?
If you need to partially mock a module, you can use &quot;importOriginal&quot; helper inside:

    at VitestMocker.createError (file:///C:/dev/projects/City-of-Helsinki/palvelutarjotin-admin/node_modules/vitest/dist/vendor/execute.27Kk4lQF.js:79:19)
    at Object.BrowserRouter [as get] (file:///C:/dev/projects/City-of-Helsinki/palvelutarjotin-admin/node_modules/vitest/dist/vendor/execute.27Kk4lQF.js:153:22)
    at Wrapper (C:\dev\projects\City-of-Helsinki\palvelutarjotin-admin\src\utils\testUtils.tsx:85:12)
    at renderWithHooks (C:\dev\projects\City-of-Helsinki\palvelutarjotin-admin\node_modules\react-dom\cjs\react-dom.development.js:16305:18)
    at mountIndeterminateComponent (C:\dev\projects\City-of-Helsinki\palvelutarjotin-admin\node_modules\react-dom\cjs\react-dom.development.js:20074:13)
    at beginWork (C:\dev\projects\City-of-Helsinki\palvelutarjotin-admin\node_modules\react-dom\cjs\react-dom.development.js:21587:16)
    at beginWork$1 (C:\dev\projects\City-of-Helsinki\palvelutarjotin-admin\node_modules\react-dom\cjs\react-dom.development.js:27426:14)
    at performUnitOfWork (C:\dev\projects\City-of-Helsinki\palvelutarjotin-admin\node_modules\react-dom\cjs\react-dom.development.js:26560:12)
    at workLoopSync (C:\dev\projects\City-of-Helsinki\palvelutarjotin-admin\node_modules\react-dom\cjs\react-dom.development.js:26466:5)
    at renderRootSync (C:\dev\projects\City-of-Helsinki\palvelutarjotin-admin\node_modules\react-dom\cjs\react-dom.development.js:26434:7)]]>
      </error>
    </testCase>
    <testCase name="it renders correct texts and handle back button click" duration="3">
      <error message="useNavigate does not exist">
        <![CDATA[Error: useNavigate does not exist
    at R (file:///C:/dev/projects/City-of-Helsinki/palvelutarjotin-admin/node_modules/tinyspy/dist/index.js:4:11)
    at Module.E (file:///C:/dev/projects/City-of-Helsinki/palvelutarjotin-admin/node_modules/tinyspy/dist/index.js:89:3)
    at Object.spyOn (file:///C:/dev/projects/City-of-Helsinki/palvelutarjotin-admin/node_modules/@vitest/spy/dist/index.js:13:24)
    at C:\dev\projects\City-of-Helsinki\palvelutarjotin-admin\src\domain\notFound\__tests__\NotFoundPage.test.tsx:22:6
    at file:///C:/dev/projects/City-of-Helsinki/palvelutarjotin-admin/node_modules/@vitest/runner/dist/index.js:134:14
    at file:///C:/dev/projects/City-of-Helsinki/palvelutarjotin-admin/node_modules/@vitest/runner/dist/index.js:59:26
    at runTest (file:///C:/dev/projects/City-of-Helsinki/palvelutarjotin-admin/node_modules/@vitest/runner/dist/index.js:719:17)
    at runSuite (file:///C:/dev/projects/City-of-Helsinki/palvelutarjotin-admin/node_modules/@vitest/runner/dist/index.js:847:15)
    at runFiles (file:///C:/dev/projects/City-of-Helsinki/palvelutarjotin-admin/node_modules/@vitest/runner/dist/index.js:896:5)
    at startTests (file:///C:/dev/projects/City-of-Helsinki/palvelutarjotin-admin/node_modules/@vitest/runner/dist/index.js:905:3)]]>
      </error>
    </testCase>
  </file>
  <file path="src\domain\occurrence\__tests__\CreateOccurrencePageEnrolmentInfo.test.tsx">
    <testCase name="location and enrolment info - user can fill and save location and enrolment related info" duration="7">
      <error message="&quot;setSystemTime&quot; was called already and date was mocked. Reset timers using `vi.useRealTimers()` if you want to use fake timers again.">
        <![CDATA[Error: &quot;setSystemTime&quot; was called already and date was mocked. Reset timers using `vi.useRealTimers()` if you want to use fake timers again.
    at FakeTimers.useFakeTimers (file:///C:/dev/projects/City-of-Helsinki/palvelutarjotin-admin/node_modules/vitest/dist/vendor/vi.C5mroSoP.js:3125:13)
    at Object.useFakeTimers (file:///C:/dev/projects/City-of-Helsinki/palvelutarjotin-admin/node_modules/vitest/dist/vendor/vi.C5mroSoP.js:3344:15)
    at C:\dev\projects\City-of-Helsinki\palvelutarjotin-admin\src\test\vitest-setup.ts:23:6
    at file:///C:/dev/projects/City-of-Helsinki/palvelutarjotin-admin/node_modules/@vitest/runner/dist/index.js:134:14
    at file:///C:/dev/projects/City-of-Helsinki/palvelutarjotin-admin/node_modules/@vitest/runner/dist/index.js:59:26
    at file:///C:/dev/projects/City-of-Helsinki/palvelutarjotin-admin/node_modules/@vitest/runner/dist/index.js:638:59
    at Array.map (&lt;anonymous&gt;)
    at callSuiteHook (file:///C:/dev/projects/City-of-Helsinki/palvelutarjotin-admin/node_modules/@vitest/runner/dist/index.js:638:47)
    at callSuiteHook (file:///C:/dev/projects/City-of-Helsinki/palvelutarjotin-admin/node_modules/@vitest/runner/dist/index.js:632:16)
    at runTest (file:///C:/dev/projects/City-of-Helsinki/palvelutarjotin-admin/node_modules/@vitest/runner/dist/index.js:712:36)]]>
      </error>
    </testCase>
    <testCase name="location and enrolment info - user can edit and save location and enrolment related info" duration="1">
      <error message="&quot;setSystemTime&quot; was called already and date was mocked. Reset timers using `vi.useRealTimers()` if you want to use fake timers again.">
        <![CDATA[Error: &quot;setSystemTime&quot; was called already and date was mocked. Reset timers using `vi.useRealTimers()` if you want to use fake timers again.
    at FakeTimers.useFakeTimers (file:///C:/dev/projects/City-of-Helsinki/palvelutarjotin-admin/node_modules/vitest/dist/vendor/vi.C5mroSoP.js:3125:13)
    at Object.useFakeTimers (file:///C:/dev/projects/City-of-Helsinki/palvelutarjotin-admin/node_modules/vitest/dist/vendor/vi.C5mroSoP.js:3344:15)
    at C:\dev\projects\City-of-Helsinki\palvelutarjotin-admin\src\test\vitest-setup.ts:23:6
    at file:///C:/dev/projects/City-of-Helsinki/palvelutarjotin-admin/node_modules/@vitest/runner/dist/index.js:134:14
    at file:///C:/dev/projects/City-of-Helsinki/palvelutarjotin-admin/node_modules/@vitest/runner/dist/index.js:59:26
    at file:///C:/dev/projects/City-of-Helsinki/palvelutarjotin-admin/node_modules/@vitest/runner/dist/index.js:638:59
    at Array.map (&lt;anonymous&gt;)
    at callSuiteHook (file:///C:/dev/projects/City-of-Helsinki/palvelutarjotin-admin/node_modules/@vitest/runner/dist/index.js:638:47)
    at callSuiteHook (file:///C:/dev/projects/City-of-Helsinki/palvelutarjotin-admin/node_modules/@vitest/runner/dist/index.js:632:16)
    at runTest (file:///C:/dev/projects/City-of-Helsinki/palvelutarjotin-admin/node_modules/@vitest/runner/dist/index.js:712:36)]]>
      </error>
    </testCase>
    <testCase name="location and enrolment info - translation fields initialize correctly when event has multiple languages" duration="1">
      <error message="&quot;setSystemTime&quot; was called already and date was mocked. Reset timers using `vi.useRealTimers()` if you want to use fake timers again.">
        <![CDATA[Error: &quot;setSystemTime&quot; was called already and date was mocked. Reset timers using `vi.useRealTimers()` if you want to use fake timers again.
    at FakeTimers.useFakeTimers (file:///C:/dev/projects/City-of-Helsinki/palvelutarjotin-admin/node_modules/vitest/dist/vendor/vi.C5mroSoP.js:3125:13)
    at Object.useFakeTimers (file:///C:/dev/projects/City-of-Helsinki/palvelutarjotin-admin/node_modules/vitest/dist/vendor/vi.C5mroSoP.js:3344:15)
    at C:\dev\projects\City-of-Helsinki\palvelutarjotin-admin\src\test\vitest-setup.ts:23:6
    at file:///C:/dev/projects/City-of-Helsinki/palvelutarjotin-admin/node_modules/@vitest/runner/dist/index.js:134:14
    at file:///C:/dev/projects/City-of-Helsinki/palvelutarjotin-admin/node_modules/@vitest/runner/dist/index.js:59:26
    at file:///C:/dev/projects/City-of-Helsinki/palvelutarjotin-admin/node_modules/@vitest/runner/dist/index.js:638:59
    at Array.map (&lt;anonymous&gt;)
    at callSuiteHook (file:///C:/dev/projects/City-of-Helsinki/palvelutarjotin-admin/node_modules/@vitest/runner/dist/index.js:638:47)
    at callSuiteHook (file:///C:/dev/projects/City-of-Helsinki/palvelutarjotin-admin/node_modules/@vitest/runner/dist/index.js:632:16)
    at runTest (file:///C:/dev/projects/City-of-Helsinki/palvelutarjotin-admin/node_modules/@vitest/runner/dist/index.js:712:36)]]>
      </error>
    </testCase>
    <testCase name="location and enrolment info - notification modal works correctly when info is not filled" duration="0">
      <error message="&quot;setSystemTime&quot; was called already and date was mocked. Reset timers using `vi.useRealTimers()` if you want to use fake timers again.">
        <![CDATA[Error: &quot;setSystemTime&quot; was called already and date was mocked. Reset timers using `vi.useRealTimers()` if you want to use fake timers again.
    at FakeTimers.useFakeTimers (file:///C:/dev/projects/City-of-Helsinki/palvelutarjotin-admin/node_modules/vitest/dist/vendor/vi.C5mroSoP.js:3125:13)
    at Object.useFakeTimers (file:///C:/dev/projects/City-of-Helsinki/palvelutarjotin-admin/node_modules/vitest/dist/vendor/vi.C5mroSoP.js:3344:15)
    at C:\dev\projects\City-of-Helsinki\palvelutarjotin-admin\src\test\vitest-setup.ts:23:6
    at file:///C:/dev/projects/City-of-Helsinki/palvelutarjotin-admin/node_modules/@vitest/runner/dist/index.js:134:14
    at file:///C:/dev/projects/City-of-Helsinki/palvelutarjotin-admin/node_modules/@vitest/runner/dist/index.js:59:26
    at file:///C:/dev/projects/City-of-Helsinki/palvelutarjotin-admin/node_modules/@vitest/runner/dist/index.js:638:59
    at Array.map (&lt;anonymous&gt;)
    at callSuiteHook (file:///C:/dev/projects/City-of-Helsinki/palvelutarjotin-admin/node_modules/@vitest/runner/dist/index.js:638:47)
    at callSuiteHook (file:///C:/dev/projects/City-of-Helsinki/palvelutarjotin-admin/node_modules/@vitest/runner/dist/index.js:632:16)
    at runTest (file:///C:/dev/projects/City-of-Helsinki/palvelutarjotin-admin/node_modules/@vitest/runner/dist/index.js:712:36)]]>
      </error>
    </testCase>
    <testCase name="location and enrolment info - user can choose no enrolment option and save form" duration="1">
      <error message="&quot;setSystemTime&quot; was called already and date was mocked. Reset timers using `vi.useRealTimers()` if you want to use fake timers again.">
        <![CDATA[Error: &quot;setSystemTime&quot; was called already and date was mocked. Reset timers using `vi.useRealTimers()` if you want to use fake timers again.
    at FakeTimers.useFakeTimers (file:///C:/dev/projects/City-of-Helsinki/palvelutarjotin-admin/node_modules/vitest/dist/vendor/vi.C5mroSoP.js:3125:13)
    at Object.useFakeTimers (file:///C:/dev/projects/City-of-Helsinki/palvelutarjotin-admin/node_modules/vitest/dist/vendor/vi.C5mroSoP.js:3344:15)
    at C:\dev\projects\City-of-Helsinki\palvelutarjotin-admin\src\test\vitest-setup.ts:23:6
    at file:///C:/dev/projects/City-of-Helsinki/palvelutarjotin-admin/node_modules/@vitest/runner/dist/index.js:134:14
    at file:///C:/dev/projects/City-of-Helsinki/palvelutarjotin-admin/node_modules/@vitest/runner/dist/index.js:59:26
    at file:///C:/dev/projects/City-of-Helsinki/palvelutarjotin-admin/node_modules/@vitest/runner/dist/index.js:638:59
    at Array.map (&lt;anonymous&gt;)
    at callSuiteHook (file:///C:/dev/projects/City-of-Helsinki/palvelutarjotin-admin/node_modules/@vitest/runner/dist/index.js:638:47)
    at callSuiteHook (file:///C:/dev/projects/City-of-Helsinki/palvelutarjotin-admin/node_modules/@vitest/runner/dist/index.js:632:16)
    at runTest (file:///C:/dev/projects/City-of-Helsinki/palvelutarjotin-admin/node_modules/@vitest/runner/dist/index.js:712:36)]]>
      </error>
    </testCase>
    <testCase name="location and enrolment info - user can add external enrolment and save form" duration="1">
      <error message="&quot;setSystemTime&quot; was called already and date was mocked. Reset timers using `vi.useRealTimers()` if you want to use fake timers again.">
        <![CDATA[Error: &quot;setSystemTime&quot; was called already and date was mocked. Reset timers using `vi.useRealTimers()` if you want to use fake timers again.
    at FakeTimers.useFakeTimers (file:///C:/dev/projects/City-of-Helsinki/palvelutarjotin-admin/node_modules/vitest/dist/vendor/vi.C5mroSoP.js:3125:13)
    at Object.useFakeTimers (file:///C:/dev/projects/City-of-Helsinki/palvelutarjotin-admin/node_modules/vitest/dist/vendor/vi.C5mroSoP.js:3344:15)
    at C:\dev\projects\City-of-Helsinki\palvelutarjotin-admin\src\test\vitest-setup.ts:23:6
    at file:///C:/dev/projects/City-of-Helsinki/palvelutarjotin-admin/node_modules/@vitest/runner/dist/index.js:134:14
    at file:///C:/dev/projects/City-of-Helsinki/palvelutarjotin-admin/node_modules/@vitest/runner/dist/index.js:59:26
    at file:///C:/dev/projects/City-of-Helsinki/palvelutarjotin-admin/node_modules/@vitest/runner/dist/index.js:638:59
    at Array.map (&lt;anonymous&gt;)
    at callSuiteHook (file:///C:/dev/projects/City-of-Helsinki/palvelutarjotin-admin/node_modules/@vitest/runner/dist/index.js:638:47)
    at callSuiteHook (file:///C:/dev/projects/City-of-Helsinki/palvelutarjotin-admin/node_modules/@vitest/runner/dist/index.js:632:16)
    at runTest (file:///C:/dev/projects/City-of-Helsinki/palvelutarjotin-admin/node_modules/@vitest/runner/dist/index.js:712:36)]]>
      </error>
    </testCase>
  </file>
  <file path="src\domain\occurrence\__tests__\CreateOccurrencePageEnrolmentType.test.tsx">
    <testCase name="enrolment type selector - renders proper event types" duration="6">
      <error message="&quot;setSystemTime&quot; was called already and date was mocked. Reset timers using `vi.useRealTimers()` if you want to use fake timers again.">
        <![CDATA[Error: &quot;setSystemTime&quot; was called already and date was mocked. Reset timers using `vi.useRealTimers()` if you want to use fake timers again.
    at FakeTimers.useFakeTimers (file:///C:/dev/projects/City-of-Helsinki/palvelutarjotin-admin/node_modules/vitest/dist/vendor/vi.C5mroSoP.js:3125:13)
    at Object.useFakeTimers (file:///C:/dev/projects/City-of-Helsinki/palvelutarjotin-admin/node_modules/vitest/dist/vendor/vi.C5mroSoP.js:3344:15)
    at C:\dev\projects\City-of-Helsinki\palvelutarjotin-admin\src\test\vitest-setup.ts:23:6
    at file:///C:/dev/projects/City-of-Helsinki/palvelutarjotin-admin/node_modules/@vitest/runner/dist/index.js:134:14
    at file:///C:/dev/projects/City-of-Helsinki/palvelutarjotin-admin/node_modules/@vitest/runner/dist/index.js:59:26
    at file:///C:/dev/projects/City-of-Helsinki/palvelutarjotin-admin/node_modules/@vitest/runner/dist/index.js:638:59
    at Array.map (&lt;anonymous&gt;)
    at callSuiteHook (file:///C:/dev/projects/City-of-Helsinki/palvelutarjotin-admin/node_modules/@vitest/runner/dist/index.js:638:47)
    at callSuiteHook (file:///C:/dev/projects/City-of-Helsinki/palvelutarjotin-admin/node_modules/@vitest/runner/dist/index.js:632:16)
    at runTest (file:///C:/dev/projects/City-of-Helsinki/palvelutarjotin-admin/node_modules/@vitest/runner/dist/index.js:712:36)]]>
      </error>
    </testCase>
    <testCase name="enrolment type selector - renders a proper fieldset when a type is changed to unenrollable" duration="1">
      <error message="&quot;setSystemTime&quot; was called already and date was mocked. Reset timers using `vi.useRealTimers()` if you want to use fake timers again.">
        <![CDATA[Error: &quot;setSystemTime&quot; was called already and date was mocked. Reset timers using `vi.useRealTimers()` if you want to use fake timers again.
    at FakeTimers.useFakeTimers (file:///C:/dev/projects/City-of-Helsinki/palvelutarjotin-admin/node_modules/vitest/dist/vendor/vi.C5mroSoP.js:3125:13)
    at Object.useFakeTimers (file:///C:/dev/projects/City-of-Helsinki/palvelutarjotin-admin/node_modules/vitest/dist/vendor/vi.C5mroSoP.js:3344:15)
    at C:\dev\projects\City-of-Helsinki\palvelutarjotin-admin\src\test\vitest-setup.ts:23:6
    at file:///C:/dev/projects/City-of-Helsinki/palvelutarjotin-admin/node_modules/@vitest/runner/dist/index.js:134:14
    at file:///C:/dev/projects/City-of-Helsinki/palvelutarjotin-admin/node_modules/@vitest/runner/dist/index.js:59:26
    at file:///C:/dev/projects/City-of-Helsinki/palvelutarjotin-admin/node_modules/@vitest/runner/dist/index.js:638:59
    at Array.map (&lt;anonymous&gt;)
    at callSuiteHook (file:///C:/dev/projects/City-of-Helsinki/palvelutarjotin-admin/node_modules/@vitest/runner/dist/index.js:638:47)
    at callSuiteHook (file:///C:/dev/projects/City-of-Helsinki/palvelutarjotin-admin/node_modules/@vitest/runner/dist/index.js:632:16)
    at runTest (file:///C:/dev/projects/City-of-Helsinki/palvelutarjotin-admin/node_modules/@vitest/runner/dist/index.js:712:36)]]>
      </error>
    </testCase>
    <testCase name="enrolment type selector - renders a proper fieldset when a type is changed to external" duration="2">
      <error message="&quot;setSystemTime&quot; was called already and date was mocked. Reset timers using `vi.useRealTimers()` if you want to use fake timers again.">
        <![CDATA[Error: &quot;setSystemTime&quot; was called already and date was mocked. Reset timers using `vi.useRealTimers()` if you want to use fake timers again.
    at FakeTimers.useFakeTimers (file:///C:/dev/projects/City-of-Helsinki/palvelutarjotin-admin/node_modules/vitest/dist/vendor/vi.C5mroSoP.js:3125:13)
    at Object.useFakeTimers (file:///C:/dev/projects/City-of-Helsinki/palvelutarjotin-admin/node_modules/vitest/dist/vendor/vi.C5mroSoP.js:3344:15)
    at C:\dev\projects\City-of-Helsinki\palvelutarjotin-admin\src\test\vitest-setup.ts:23:6
    at file:///C:/dev/projects/City-of-Helsinki/palvelutarjotin-admin/node_modules/@vitest/runner/dist/index.js:134:14
    at file:///C:/dev/projects/City-of-Helsinki/palvelutarjotin-admin/node_modules/@vitest/runner/dist/index.js:59:26
    at file:///C:/dev/projects/City-of-Helsinki/palvelutarjotin-admin/node_modules/@vitest/runner/dist/index.js:638:59
    at Array.map (&lt;anonymous&gt;)
    at callSuiteHook (file:///C:/dev/projects/City-of-Helsinki/palvelutarjotin-admin/node_modules/@vitest/runner/dist/index.js:638:47)
    at callSuiteHook (file:///C:/dev/projects/City-of-Helsinki/palvelutarjotin-admin/node_modules/@vitest/runner/dist/index.js:632:16)
    at runTest (file:///C:/dev/projects/City-of-Helsinki/palvelutarjotin-admin/node_modules/@vitest/runner/dist/index.js:712:36)]]>
      </error>
    </testCase>
    <testCase name="enrolment type selector - renders a proper fieldset when a type is changed to internal" duration="0">
      <error message="&quot;setSystemTime&quot; was called already and date was mocked. Reset timers using `vi.useRealTimers()` if you want to use fake timers again.">
        <![CDATA[Error: &quot;setSystemTime&quot; was called already and date was mocked. Reset timers using `vi.useRealTimers()` if you want to use fake timers again.
    at FakeTimers.useFakeTimers (file:///C:/dev/projects/City-of-Helsinki/palvelutarjotin-admin/node_modules/vitest/dist/vendor/vi.C5mroSoP.js:3125:13)
    at Object.useFakeTimers (file:///C:/dev/projects/City-of-Helsinki/palvelutarjotin-admin/node_modules/vitest/dist/vendor/vi.C5mroSoP.js:3344:15)
    at C:\dev\projects\City-of-Helsinki\palvelutarjotin-admin\src\test\vitest-setup.ts:23:6
    at file:///C:/dev/projects/City-of-Helsinki/palvelutarjotin-admin/node_modules/@vitest/runner/dist/index.js:134:14
    at file:///C:/dev/projects/City-of-Helsinki/palvelutarjotin-admin/node_modules/@vitest/runner/dist/index.js:59:26
    at file:///C:/dev/projects/City-of-Helsinki/palvelutarjotin-admin/node_modules/@vitest/runner/dist/index.js:638:59
    at Array.map (&lt;anonymous&gt;)
    at callSuiteHook (file:///C:/dev/projects/City-of-Helsinki/palvelutarjotin-admin/node_modules/@vitest/runner/dist/index.js:638:47)
    at callSuiteHook (file:///C:/dev/projects/City-of-Helsinki/palvelutarjotin-admin/node_modules/@vitest/runner/dist/index.js:632:16)
    at runTest (file:///C:/dev/projects/City-of-Helsinki/palvelutarjotin-admin/node_modules/@vitest/runner/dist/index.js:712:36)]]>
      </error>
    </testCase>
    <testCase name="auto acceptance for enrolments - renders auto acceptance message when auto accept is set on" duration="0">
      <error message="&quot;setSystemTime&quot; was called already and date was mocked. Reset timers using `vi.useRealTimers()` if you want to use fake timers again.">
        <![CDATA[Error: &quot;setSystemTime&quot; was called already and date was mocked. Reset timers using `vi.useRealTimers()` if you want to use fake timers again.
    at FakeTimers.useFakeTimers (file:///C:/dev/projects/City-of-Helsinki/palvelutarjotin-admin/node_modules/vitest/dist/vendor/vi.C5mroSoP.js:3125:13)
    at Object.useFakeTimers (file:///C:/dev/projects/City-of-Helsinki/palvelutarjotin-admin/node_modules/vitest/dist/vendor/vi.C5mroSoP.js:3344:15)
    at C:\dev\projects\City-of-Helsinki\palvelutarjotin-admin\src\test\vitest-setup.ts:23:6
    at file:///C:/dev/projects/City-of-Helsinki/palvelutarjotin-admin/node_modules/@vitest/runner/dist/index.js:134:14
    at file:///C:/dev/projects/City-of-Helsinki/palvelutarjotin-admin/node_modules/@vitest/runner/dist/index.js:59:26
    at file:///C:/dev/projects/City-of-Helsinki/palvelutarjotin-admin/node_modules/@vitest/runner/dist/index.js:638:59
    at Array.map (&lt;anonymous&gt;)
    at callSuiteHook (file:///C:/dev/projects/City-of-Helsinki/palvelutarjotin-admin/node_modules/@vitest/runner/dist/index.js:638:47)
    at callSuiteHook (file:///C:/dev/projects/City-of-Helsinki/palvelutarjotin-admin/node_modules/@vitest/runner/dist/index.js:632:16)
    at runTest (file:///C:/dev/projects/City-of-Helsinki/palvelutarjotin-admin/node_modules/@vitest/runner/dist/index.js:712:36)]]>
      </error>
    </testCase>
    <testCase name="auto acceptance for enrolments - submits the auto acceptance message right" duration="1">
      <error message="&quot;setSystemTime&quot; was called already and date was mocked. Reset timers using `vi.useRealTimers()` if you want to use fake timers again.">
        <![CDATA[Error: &quot;setSystemTime&quot; was called already and date was mocked. Reset timers using `vi.useRealTimers()` if you want to use fake timers again.
    at FakeTimers.useFakeTimers (file:///C:/dev/projects/City-of-Helsinki/palvelutarjotin-admin/node_modules/vitest/dist/vendor/vi.C5mroSoP.js:3125:13)
    at Object.useFakeTimers (file:///C:/dev/projects/City-of-Helsinki/palvelutarjotin-admin/node_modules/vitest/dist/vendor/vi.C5mroSoP.js:3344:15)
    at C:\dev\projects\City-of-Helsinki\palvelutarjotin-admin\src\test\vitest-setup.ts:23:6
    at file:///C:/dev/projects/City-of-Helsinki/palvelutarjotin-admin/node_modules/@vitest/runner/dist/index.js:134:14
    at file:///C:/dev/projects/City-of-Helsinki/palvelutarjotin-admin/node_modules/@vitest/runner/dist/index.js:59:26
    at file:///C:/dev/projects/City-of-Helsinki/palvelutarjotin-admin/node_modules/@vitest/runner/dist/index.js:638:59
    at Array.map (&lt;anonymous&gt;)
    at callSuiteHook (file:///C:/dev/projects/City-of-Helsinki/palvelutarjotin-admin/node_modules/@vitest/runner/dist/index.js:638:47)
    at callSuiteHook (file:///C:/dev/projects/City-of-Helsinki/palvelutarjotin-admin/node_modules/@vitest/runner/dist/index.js:632:16)
    at runTest (file:///C:/dev/projects/City-of-Helsinki/palvelutarjotin-admin/node_modules/@vitest/runner/dist/index.js:712:36)]]>
      </error>
    </testCase>
    <testCase name="auto acceptance for enrolments - clears the auto acceptance message on submit when auto acceptance is set off" duration="0">
      <error message="&quot;setSystemTime&quot; was called already and date was mocked. Reset timers using `vi.useRealTimers()` if you want to use fake timers again.">
        <![CDATA[Error: &quot;setSystemTime&quot; was called already and date was mocked. Reset timers using `vi.useRealTimers()` if you want to use fake timers again.
    at FakeTimers.useFakeTimers (file:///C:/dev/projects/City-of-Helsinki/palvelutarjotin-admin/node_modules/vitest/dist/vendor/vi.C5mroSoP.js:3125:13)
    at Object.useFakeTimers (file:///C:/dev/projects/City-of-Helsinki/palvelutarjotin-admin/node_modules/vitest/dist/vendor/vi.C5mroSoP.js:3344:15)
    at C:\dev\projects\City-of-Helsinki\palvelutarjotin-admin\src\test\vitest-setup.ts:23:6
    at file:///C:/dev/projects/City-of-Helsinki/palvelutarjotin-admin/node_modules/@vitest/runner/dist/index.js:134:14
    at file:///C:/dev/projects/City-of-Helsinki/palvelutarjotin-admin/node_modules/@vitest/runner/dist/index.js:59:26
    at file:///C:/dev/projects/City-of-Helsinki/palvelutarjotin-admin/node_modules/@vitest/runner/dist/index.js:638:59
    at Array.map (&lt;anonymous&gt;)
    at callSuiteHook (file:///C:/dev/projects/City-of-Helsinki/palvelutarjotin-admin/node_modules/@vitest/runner/dist/index.js:638:47)
    at callSuiteHook (file:///C:/dev/projects/City-of-Helsinki/palvelutarjotin-admin/node_modules/@vitest/runner/dist/index.js:632:16)
    at runTest (file:///C:/dev/projects/City-of-Helsinki/palvelutarjotin-admin/node_modules/@vitest/runner/dist/index.js:712:36)]]>
      </error>
    </testCase>
  </file>
  <file path="src\domain\occurrence\__tests__\CreateOccurrencePageOccurrencesForm.test.tsx">
    <testCase name="occurrences form - location input is prefilled when default location has been selected" duration="6">
      <error message="&quot;setSystemTime&quot; was called already and date was mocked. Reset timers using `vi.useRealTimers()` if you want to use fake timers again.">
        <![CDATA[Error: &quot;setSystemTime&quot; was called already and date was mocked. Reset timers using `vi.useRealTimers()` if you want to use fake timers again.
    at FakeTimers.useFakeTimers (file:///C:/dev/projects/City-of-Helsinki/palvelutarjotin-admin/node_modules/vitest/dist/vendor/vi.C5mroSoP.js:3125:13)
    at Object.useFakeTimers (file:///C:/dev/projects/City-of-Helsinki/palvelutarjotin-admin/node_modules/vitest/dist/vendor/vi.C5mroSoP.js:3344:15)
    at C:\dev\projects\City-of-Helsinki\palvelutarjotin-admin\src\test\vitest-setup.ts:23:6
    at file:///C:/dev/projects/City-of-Helsinki/palvelutarjotin-admin/node_modules/@vitest/runner/dist/index.js:134:14
    at file:///C:/dev/projects/City-of-Helsinki/palvelutarjotin-admin/node_modules/@vitest/runner/dist/index.js:59:26
    at file:///C:/dev/projects/City-of-Helsinki/palvelutarjotin-admin/node_modules/@vitest/runner/dist/index.js:638:59
    at Array.map (&lt;anonymous&gt;)
    at callSuiteHook (file:///C:/dev/projects/City-of-Helsinki/palvelutarjotin-admin/node_modules/@vitest/runner/dist/index.js:638:47)
    at callSuiteHook (file:///C:/dev/projects/City-of-Helsinki/palvelutarjotin-admin/node_modules/@vitest/runner/dist/index.js:632:16)
    at runTest (file:///C:/dev/projects/City-of-Helsinki/palvelutarjotin-admin/node_modules/@vitest/runner/dist/index.js:712:36)]]>
      </error>
    </testCase>
    <testCase name="occurrences form - location input and orderable event checkbox are disabled when virtual event checkbox is checked" duration="1">
      <error message="&quot;setSystemTime&quot; was called already and date was mocked. Reset timers using `vi.useRealTimers()` if you want to use fake timers again.">
        <![CDATA[Error: &quot;setSystemTime&quot; was called already and date was mocked. Reset timers using `vi.useRealTimers()` if you want to use fake timers again.
    at FakeTimers.useFakeTimers (file:///C:/dev/projects/City-of-Helsinki/palvelutarjotin-admin/node_modules/vitest/dist/vendor/vi.C5mroSoP.js:3125:13)
    at Object.useFakeTimers (file:///C:/dev/projects/City-of-Helsinki/palvelutarjotin-admin/node_modules/vitest/dist/vendor/vi.C5mroSoP.js:3344:15)
    at C:\dev\projects\City-of-Helsinki\palvelutarjotin-admin\src\test\vitest-setup.ts:23:6
    at file:///C:/dev/projects/City-of-Helsinki/palvelutarjotin-admin/node_modules/@vitest/runner/dist/index.js:134:14
    at file:///C:/dev/projects/City-of-Helsinki/palvelutarjotin-admin/node_modules/@vitest/runner/dist/index.js:59:26
    at file:///C:/dev/projects/City-of-Helsinki/palvelutarjotin-admin/node_modules/@vitest/runner/dist/index.js:638:59
    at Array.map (&lt;anonymous&gt;)
    at callSuiteHook (file:///C:/dev/projects/City-of-Helsinki/palvelutarjotin-admin/node_modules/@vitest/runner/dist/index.js:638:47)
    at callSuiteHook (file:///C:/dev/projects/City-of-Helsinki/palvelutarjotin-admin/node_modules/@vitest/runner/dist/index.js:632:16)
    at runTest (file:///C:/dev/projects/City-of-Helsinki/palvelutarjotin-admin/node_modules/@vitest/runner/dist/index.js:712:36)]]>
      </error>
    </testCase>
    <testCase name="occurrences form - location input and virtual event checkbox are disabled when orderable event checkbox is checked" duration="1">
      <error message="&quot;setSystemTime&quot; was called already and date was mocked. Reset timers using `vi.useRealTimers()` if you want to use fake timers again.">
        <![CDATA[Error: &quot;setSystemTime&quot; was called already and date was mocked. Reset timers using `vi.useRealTimers()` if you want to use fake timers again.
    at FakeTimers.useFakeTimers (file:///C:/dev/projects/City-of-Helsinki/palvelutarjotin-admin/node_modules/vitest/dist/vendor/vi.C5mroSoP.js:3125:13)
    at Object.useFakeTimers (file:///C:/dev/projects/City-of-Helsinki/palvelutarjotin-admin/node_modules/vitest/dist/vendor/vi.C5mroSoP.js:3344:15)
    at C:\dev\projects\City-of-Helsinki\palvelutarjotin-admin\src\test\vitest-setup.ts:23:6
    at file:///C:/dev/projects/City-of-Helsinki/palvelutarjotin-admin/node_modules/@vitest/runner/dist/index.js:134:14
    at file:///C:/dev/projects/City-of-Helsinki/palvelutarjotin-admin/node_modules/@vitest/runner/dist/index.js:59:26
    at file:///C:/dev/projects/City-of-Helsinki/palvelutarjotin-admin/node_modules/@vitest/runner/dist/index.js:638:59
    at Array.map (&lt;anonymous&gt;)
    at callSuiteHook (file:///C:/dev/projects/City-of-Helsinki/palvelutarjotin-admin/node_modules/@vitest/runner/dist/index.js:638:47)
    at callSuiteHook (file:///C:/dev/projects/City-of-Helsinki/palvelutarjotin-admin/node_modules/@vitest/runner/dist/index.js:632:16)
    at runTest (file:///C:/dev/projects/City-of-Helsinki/palvelutarjotin-admin/node_modules/@vitest/runner/dist/index.js:712:36)]]>
      </error>
    </testCase>
    <testCase name="occurrences form - seats input is disabled and has value 1 when one group fills checkbox is checked" duration="1">
      <error message="&quot;setSystemTime&quot; was called already and date was mocked. Reset timers using `vi.useRealTimers()` if you want to use fake timers again.">
        <![CDATA[Error: &quot;setSystemTime&quot; was called already and date was mocked. Reset timers using `vi.useRealTimers()` if you want to use fake timers again.
    at FakeTimers.useFakeTimers (file:///C:/dev/projects/City-of-Helsinki/palvelutarjotin-admin/node_modules/vitest/dist/vendor/vi.C5mroSoP.js:3125:13)
    at Object.useFakeTimers (file:///C:/dev/projects/City-of-Helsinki/palvelutarjotin-admin/node_modules/vitest/dist/vendor/vi.C5mroSoP.js:3344:15)
    at C:\dev\projects\City-of-Helsinki\palvelutarjotin-admin\src\test\vitest-setup.ts:23:6
    at file:///C:/dev/projects/City-of-Helsinki/palvelutarjotin-admin/node_modules/@vitest/runner/dist/index.js:134:14
    at file:///C:/dev/projects/City-of-Helsinki/palvelutarjotin-admin/node_modules/@vitest/runner/dist/index.js:59:26
    at file:///C:/dev/projects/City-of-Helsinki/palvelutarjotin-admin/node_modules/@vitest/runner/dist/index.js:638:59
    at Array.map (&lt;anonymous&gt;)
    at callSuiteHook (file:///C:/dev/projects/City-of-Helsinki/palvelutarjotin-admin/node_modules/@vitest/runner/dist/index.js:638:47)
    at callSuiteHook (file:///C:/dev/projects/City-of-Helsinki/palvelutarjotin-admin/node_modules/@vitest/runner/dist/index.js:632:16)
    at runTest (file:///C:/dev/projects/City-of-Helsinki/palvelutarjotin-admin/node_modules/@vitest/runner/dist/index.js:712:36)]]>
      </error>
    </testCase>
    <testCase name="occurrences form - can create new occurrence and it is added to occurrences table" duration="0">
      <skipped message="can create new occurrence and it is added to occurrences table" />
    </testCase>
    <testCase name="occurrences form - can create multiday occurrence" duration="0">
      <skipped message="can create multiday occurrence" />
    </testCase>
    <testCase name="occurrences form - can create new occurrence without internal enrolment" duration="0">
      <skipped message="can create new occurrence without internal enrolment" />
    </testCase>
    <testCase name="occurrences form - occurrence can be deleted from occurrence table" duration="0">
      <skipped message="occurrence can be deleted from occurrence table" />
    </testCase>
    <testCase name="occurrences form - yesterday is not valid event start day" duration="1">
      <error message="&quot;setSystemTime&quot; was called already and date was mocked. Reset timers using `vi.useRealTimers()` if you want to use fake timers again.">
        <![CDATA[Error: &quot;setSystemTime&quot; was called already and date was mocked. Reset timers using `vi.useRealTimers()` if you want to use fake timers again.
    at FakeTimers.useFakeTimers (file:///C:/dev/projects/City-of-Helsinki/palvelutarjotin-admin/node_modules/vitest/dist/vendor/vi.C5mroSoP.js:3125:13)
    at Object.useFakeTimers (file:///C:/dev/projects/City-of-Helsinki/palvelutarjotin-admin/node_modules/vitest/dist/vendor/vi.C5mroSoP.js:3344:15)
    at C:\dev\projects\City-of-Helsinki\palvelutarjotin-admin\src\test\vitest-setup.ts:23:6
    at file:///C:/dev/projects/City-of-Helsinki/palvelutarjotin-admin/node_modules/@vitest/runner/dist/index.js:134:14
    at file:///C:/dev/projects/City-of-Helsinki/palvelutarjotin-admin/node_modules/@vitest/runner/dist/index.js:59:26
    at file:///C:/dev/projects/City-of-Helsinki/palvelutarjotin-admin/node_modules/@vitest/runner/dist/index.js:638:59
    at Array.map (&lt;anonymous&gt;)
    at callSuiteHook (file:///C:/dev/projects/City-of-Helsinki/palvelutarjotin-admin/node_modules/@vitest/runner/dist/index.js:638:47)
    at callSuiteHook (file:///C:/dev/projects/City-of-Helsinki/palvelutarjotin-admin/node_modules/@vitest/runner/dist/index.js:632:16)
    at runTest (file:///C:/dev/projects/City-of-Helsinki/palvelutarjotin-admin/node_modules/@vitest/runner/dist/index.js:712:36)]]>
      </error>
    </testCase>
    <testCase name="occurrences form - occurrence date time cannot be before enrolments ending day" duration="0">
      <error message="&quot;setSystemTime&quot; was called already and date was mocked. Reset timers using `vi.useRealTimers()` if you want to use fake timers again.">
        <![CDATA[Error: &quot;setSystemTime&quot; was called already and date was mocked. Reset timers using `vi.useRealTimers()` if you want to use fake timers again.
    at FakeTimers.useFakeTimers (file:///C:/dev/projects/City-of-Helsinki/palvelutarjotin-admin/node_modules/vitest/dist/vendor/vi.C5mroSoP.js:3125:13)
    at Object.useFakeTimers (file:///C:/dev/projects/City-of-Helsinki/palvelutarjotin-admin/node_modules/vitest/dist/vendor/vi.C5mroSoP.js:3344:15)
    at C:\dev\projects\City-of-Helsinki\palvelutarjotin-admin\src\test\vitest-setup.ts:23:6
    at file:///C:/dev/projects/City-of-Helsinki/palvelutarjotin-admin/node_modules/@vitest/runner/dist/index.js:134:14
    at file:///C:/dev/projects/City-of-Helsinki/palvelutarjotin-admin/node_modules/@vitest/runner/dist/index.js:59:26
    at file:///C:/dev/projects/City-of-Helsinki/palvelutarjotin-admin/node_modules/@vitest/runner/dist/index.js:638:59
    at Array.map (&lt;anonymous&gt;)
    at callSuiteHook (file:///C:/dev/projects/City-of-Helsinki/palvelutarjotin-admin/node_modules/@vitest/runner/dist/index.js:638:47)
    at callSuiteHook (file:///C:/dev/projects/City-of-Helsinki/palvelutarjotin-admin/node_modules/@vitest/runner/dist/index.js:632:16)
    at runTest (file:///C:/dev/projects/City-of-Helsinki/palvelutarjotin-admin/node_modules/@vitest/runner/dist/index.js:712:36)]]>
      </error>
    </testCase>
  </file>
  <file path="src\domain\occurrence\__tests__\CreateOccurrencePageSimultaneousSave.test.tsx">
    <testCase name="save occurrence and event info simultaneously - saves occurrence and event info when using save button" duration="7">
      <error message="&quot;setSystemTime&quot; was called already and date was mocked. Reset timers using `vi.useRealTimers()` if you want to use fake timers again.">
        <![CDATA[Error: &quot;setSystemTime&quot; was called already and date was mocked. Reset timers using `vi.useRealTimers()` if you want to use fake timers again.
    at FakeTimers.useFakeTimers (file:///C:/dev/projects/City-of-Helsinki/palvelutarjotin-admin/node_modules/vitest/dist/vendor/vi.C5mroSoP.js:3125:13)
    at Object.useFakeTimers (file:///C:/dev/projects/City-of-Helsinki/palvelutarjotin-admin/node_modules/vitest/dist/vendor/vi.C5mroSoP.js:3344:15)
    at C:\dev\projects\City-of-Helsinki\palvelutarjotin-admin\src\test\vitest-setup.ts:23:6
    at file:///C:/dev/projects/City-of-Helsinki/palvelutarjotin-admin/node_modules/@vitest/runner/dist/index.js:134:14
    at file:///C:/dev/projects/City-of-Helsinki/palvelutarjotin-admin/node_modules/@vitest/runner/dist/index.js:59:26
    at file:///C:/dev/projects/City-of-Helsinki/palvelutarjotin-admin/node_modules/@vitest/runner/dist/index.js:638:59
    at Array.map (&lt;anonymous&gt;)
    at callSuiteHook (file:///C:/dev/projects/City-of-Helsinki/palvelutarjotin-admin/node_modules/@vitest/runner/dist/index.js:638:47)
    at callSuiteHook (file:///C:/dev/projects/City-of-Helsinki/palvelutarjotin-admin/node_modules/@vitest/runner/dist/index.js:632:16)
    at runTest (file:///C:/dev/projects/City-of-Helsinki/palvelutarjotin-admin/node_modules/@vitest/runner/dist/index.js:712:36)]]>
      </error>
    </testCase>
    <testCase name="save occurrence and event info simultaneously - saves occurrence and event info when using to go to publish button" duration="1">
      <error message="&quot;setSystemTime&quot; was called already and date was mocked. Reset timers using `vi.useRealTimers()` if you want to use fake timers again.">
        <![CDATA[Error: &quot;setSystemTime&quot; was called already and date was mocked. Reset timers using `vi.useRealTimers()` if you want to use fake timers again.
    at FakeTimers.useFakeTimers (file:///C:/dev/projects/City-of-Helsinki/palvelutarjotin-admin/node_modules/vitest/dist/vendor/vi.C5mroSoP.js:3125:13)
    at Object.useFakeTimers (file:///C:/dev/projects/City-of-Helsinki/palvelutarjotin-admin/node_modules/vitest/dist/vendor/vi.C5mroSoP.js:3344:15)
    at C:\dev\projects\City-of-Helsinki\palvelutarjotin-admin\src\test\vitest-setup.ts:23:6
    at file:///C:/dev/projects/City-of-Helsinki/palvelutarjotin-admin/node_modules/@vitest/runner/dist/index.js:134:14
    at file:///C:/dev/projects/City-of-Helsinki/palvelutarjotin-admin/node_modules/@vitest/runner/dist/index.js:59:26
    at file:///C:/dev/projects/City-of-Helsinki/palvelutarjotin-admin/node_modules/@vitest/runner/dist/index.js:638:59
    at Array.map (&lt;anonymous&gt;)
    at callSuiteHook (file:///C:/dev/projects/City-of-Helsinki/palvelutarjotin-admin/node_modules/@vitest/runner/dist/index.js:638:47)
    at callSuiteHook (file:///C:/dev/projects/City-of-Helsinki/palvelutarjotin-admin/node_modules/@vitest/runner/dist/index.js:632:16)
    at runTest (file:///C:/dev/projects/City-of-Helsinki/palvelutarjotin-admin/node_modules/@vitest/runner/dist/index.js:712:36)]]>
      </error>
    </testCase>
  </file>
  <file path="src\domain\occurrence\__tests__\CreateOccurrencePageVenueInfo.test.tsx">
    <testCase name="venue info - venue data can be changed and saved" duration="4">
      <error message="&quot;setSystemTime&quot; was called already and date was mocked. Reset timers using `vi.useRealTimers()` if you want to use fake timers again.">
        <![CDATA[Error: &quot;setSystemTime&quot; was called already and date was mocked. Reset timers using `vi.useRealTimers()` if you want to use fake timers again.
    at FakeTimers.useFakeTimers (file:///C:/dev/projects/City-of-Helsinki/palvelutarjotin-admin/node_modules/vitest/dist/vendor/vi.C5mroSoP.js:3125:13)
    at Object.useFakeTimers (file:///C:/dev/projects/City-of-Helsinki/palvelutarjotin-admin/node_modules/vitest/dist/vendor/vi.C5mroSoP.js:3344:15)
    at C:\dev\projects\City-of-Helsinki\palvelutarjotin-admin\src\test\vitest-setup.ts:23:6
    at file:///C:/dev/projects/City-of-Helsinki/palvelutarjotin-admin/node_modules/@vitest/runner/dist/index.js:134:14
    at file:///C:/dev/projects/City-of-Helsinki/palvelutarjotin-admin/node_modules/@vitest/runner/dist/index.js:59:26
    at file:///C:/dev/projects/City-of-Helsinki/palvelutarjotin-admin/node_modules/@vitest/runner/dist/index.js:638:59
    at Array.map (&lt;anonymous&gt;)
    at callSuiteHook (file:///C:/dev/projects/City-of-Helsinki/palvelutarjotin-admin/node_modules/@vitest/runner/dist/index.js:638:47)
    at callSuiteHook (file:///C:/dev/projects/City-of-Helsinki/palvelutarjotin-admin/node_modules/@vitest/runner/dist/index.js:632:16)
    at runTest (file:///C:/dev/projects/City-of-Helsinki/palvelutarjotin-admin/node_modules/@vitest/runner/dist/index.js:712:36)]]>
      </error>
    </testCase>
  </file>
  <file path="src\domain\occurrence\__tests__\OccurrenceDetailsPage.test.tsx">
    <testCase name="occurrence details are rendered" duration="55">
      <error message="[vitest] No &quot;BrowserRouter&quot; export is defined on the &quot;react-router-dom&quot; mock. Did you forget to return it from &quot;vi.mock&quot;?
If you need to partially mock a module, you can use &quot;importOriginal&quot; helper inside:
">
        <![CDATA[Error: [vitest] No &quot;BrowserRouter&quot; export is defined on the &quot;react-router-dom&quot; mock. Did you forget to return it from &quot;vi.mock&quot;?
If you need to partially mock a module, you can use &quot;importOriginal&quot; helper inside:

    at VitestMocker.createError (file:///C:/dev/projects/City-of-Helsinki/palvelutarjotin-admin/node_modules/vitest/dist/vendor/execute.27Kk4lQF.js:79:19)
    at Object.BrowserRouter [as get] (file:///C:/dev/projects/City-of-Helsinki/palvelutarjotin-admin/node_modules/vitest/dist/vendor/execute.27Kk4lQF.js:153:22)
    at Wrapper (C:\dev\projects\City-of-Helsinki\palvelutarjotin-admin\src\utils\testUtils.tsx:116:12)
    at renderWithHooks (C:\dev\projects\City-of-Helsinki\palvelutarjotin-admin\node_modules\react-dom\cjs\react-dom.development.js:16305:18)
    at mountIndeterminateComponent (C:\dev\projects\City-of-Helsinki\palvelutarjotin-admin\node_modules\react-dom\cjs\react-dom.development.js:20074:13)
    at beginWork (C:\dev\projects\City-of-Helsinki\palvelutarjotin-admin\node_modules\react-dom\cjs\react-dom.development.js:21587:16)
    at beginWork$1 (C:\dev\projects\City-of-Helsinki\palvelutarjotin-admin\node_modules\react-dom\cjs\react-dom.development.js:27426:14)
    at performUnitOfWork (C:\dev\projects\City-of-Helsinki\palvelutarjotin-admin\node_modules\react-dom\cjs\react-dom.development.js:26560:12)
    at workLoopSync (C:\dev\projects\City-of-Helsinki\palvelutarjotin-admin\node_modules\react-dom\cjs\react-dom.development.js:26466:5)
    at renderRootSync (C:\dev\projects\City-of-Helsinki\palvelutarjotin-admin\node_modules\react-dom\cjs\react-dom.development.js:26434:7)]]>
      </error>
    </testCase>
    <testCase name="renders multiday occurrence date correctly" duration="10">
      <error message="[vitest] No &quot;BrowserRouter&quot; export is defined on the &quot;react-router-dom&quot; mock. Did you forget to return it from &quot;vi.mock&quot;?
If you need to partially mock a module, you can use &quot;importOriginal&quot; helper inside:
">
        <![CDATA[Error: [vitest] No &quot;BrowserRouter&quot; export is defined on the &quot;react-router-dom&quot; mock. Did you forget to return it from &quot;vi.mock&quot;?
If you need to partially mock a module, you can use &quot;importOriginal&quot; helper inside:

    at VitestMocker.createError (file:///C:/dev/projects/City-of-Helsinki/palvelutarjotin-admin/node_modules/vitest/dist/vendor/execute.27Kk4lQF.js:79:19)
    at Object.BrowserRouter [as get] (file:///C:/dev/projects/City-of-Helsinki/palvelutarjotin-admin/node_modules/vitest/dist/vendor/execute.27Kk4lQF.js:153:22)
    at Wrapper (C:\dev\projects\City-of-Helsinki\palvelutarjotin-admin\src\utils\testUtils.tsx:116:12)
    at renderWithHooks (C:\dev\projects\City-of-Helsinki\palvelutarjotin-admin\node_modules\react-dom\cjs\react-dom.development.js:16305:18)
    at mountIndeterminateComponent (C:\dev\projects\City-of-Helsinki\palvelutarjotin-admin\node_modules\react-dom\cjs\react-dom.development.js:20074:13)
    at beginWork (C:\dev\projects\City-of-Helsinki\palvelutarjotin-admin\node_modules\react-dom\cjs\react-dom.development.js:21587:16)
    at beginWork$1 (C:\dev\projects\City-of-Helsinki\palvelutarjotin-admin\node_modules\react-dom\cjs\react-dom.development.js:27426:14)
    at performUnitOfWork (C:\dev\projects\City-of-Helsinki\palvelutarjotin-admin\node_modules\react-dom\cjs\react-dom.development.js:26560:12)
    at workLoopSync (C:\dev\projects\City-of-Helsinki\palvelutarjotin-admin\node_modules\react-dom\cjs\react-dom.development.js:26466:5)
    at renderRootSync (C:\dev\projects\City-of-Helsinki\palvelutarjotin-admin\node_modules\react-dom\cjs\react-dom.development.js:26434:7)]]>
      </error>
    </testCase>
    <testCase name="hides enrolment table when event doesn&apos;t have internal enrolment" duration="16">
      <error message="[vitest] No &quot;BrowserRouter&quot; export is defined on the &quot;react-router-dom&quot; mock. Did you forget to return it from &quot;vi.mock&quot;?
If you need to partially mock a module, you can use &quot;importOriginal&quot; helper inside:
">
        <![CDATA[Error: [vitest] No &quot;BrowserRouter&quot; export is defined on the &quot;react-router-dom&quot; mock. Did you forget to return it from &quot;vi.mock&quot;?
If you need to partially mock a module, you can use &quot;importOriginal&quot; helper inside:

    at VitestMocker.createError (file:///C:/dev/projects/City-of-Helsinki/palvelutarjotin-admin/node_modules/vitest/dist/vendor/execute.27Kk4lQF.js:79:19)
    at Object.BrowserRouter [as get] (file:///C:/dev/projects/City-of-Helsinki/palvelutarjotin-admin/node_modules/vitest/dist/vendor/execute.27Kk4lQF.js:153:22)
    at Wrapper (C:\dev\projects\City-of-Helsinki\palvelutarjotin-admin\src\utils\testUtils.tsx:116:12)
    at renderWithHooks (C:\dev\projects\City-of-Helsinki\palvelutarjotin-admin\node_modules\react-dom\cjs\react-dom.development.js:16305:18)
    at mountIndeterminateComponent (C:\dev\projects\City-of-Helsinki\palvelutarjotin-admin\node_modules\react-dom\cjs\react-dom.development.js:20074:13)
    at beginWork (C:\dev\projects\City-of-Helsinki\palvelutarjotin-admin\node_modules\react-dom\cjs\react-dom.development.js:21587:16)
    at beginWork$1 (C:\dev\projects\City-of-Helsinki\palvelutarjotin-admin\node_modules\react-dom\cjs\react-dom.development.js:27426:14)
    at performUnitOfWork (C:\dev\projects\City-of-Helsinki\palvelutarjotin-admin\node_modules\react-dom\cjs\react-dom.development.js:26560:12)
    at workLoopSync (C:\dev\projects\City-of-Helsinki\palvelutarjotin-admin\node_modules\react-dom\cjs\react-dom.development.js:26466:5)
    at renderRootSync (C:\dev\projects\City-of-Helsinki\palvelutarjotin-admin\node_modules\react-dom\cjs\react-dom.development.js:26434:7)]]>
      </error>
    </testCase>
    <testCase name="enrolment table renders correct information" duration="5">
      <error message="useNavigate does not exist">
        <![CDATA[Error: useNavigate does not exist
    at R (file:///C:/dev/projects/City-of-Helsinki/palvelutarjotin-admin/node_modules/tinyspy/dist/index.js:4:11)
    at Module.E (file:///C:/dev/projects/City-of-Helsinki/palvelutarjotin-admin/node_modules/tinyspy/dist/index.js:89:3)
    at Object.spyOn (file:///C:/dev/projects/City-of-Helsinki/palvelutarjotin-admin/node_modules/@vitest/spy/dist/index.js:13:24)
    at C:\dev\projects\City-of-Helsinki\palvelutarjotin-admin\src\domain\occurrence\__tests__\OccurrenceDetailsPage.test.tsx:365:6
    at file:///C:/dev/projects/City-of-Helsinki/palvelutarjotin-admin/node_modules/@vitest/runner/dist/index.js:134:14
    at file:///C:/dev/projects/City-of-Helsinki/palvelutarjotin-admin/node_modules/@vitest/runner/dist/index.js:59:26
    at runTest (file:///C:/dev/projects/City-of-Helsinki/palvelutarjotin-admin/node_modules/@vitest/runner/dist/index.js:719:17)
    at runSuite (file:///C:/dev/projects/City-of-Helsinki/palvelutarjotin-admin/node_modules/@vitest/runner/dist/index.js:847:15)
    at runFiles (file:///C:/dev/projects/City-of-Helsinki/palvelutarjotin-admin/node_modules/@vitest/runner/dist/index.js:896:5)
    at startTests (file:///C:/dev/projects/City-of-Helsinki/palvelutarjotin-admin/node_modules/@vitest/runner/dist/index.js:905:3)]]>
      </error>
    </testCase>
    <testCase name="enrolment queue table renders correct information" duration="13">
      <error message="[vitest] No &quot;BrowserRouter&quot; export is defined on the &quot;react-router-dom&quot; mock. Did you forget to return it from &quot;vi.mock&quot;?
If you need to partially mock a module, you can use &quot;importOriginal&quot; helper inside:
">
        <![CDATA[Error: [vitest] No &quot;BrowserRouter&quot; export is defined on the &quot;react-router-dom&quot; mock. Did you forget to return it from &quot;vi.mock&quot;?
If you need to partially mock a module, you can use &quot;importOriginal&quot; helper inside:

    at VitestMocker.createError (file:///C:/dev/projects/City-of-Helsinki/palvelutarjotin-admin/node_modules/vitest/dist/vendor/execute.27Kk4lQF.js:79:19)
    at Object.BrowserRouter [as get] (file:///C:/dev/projects/City-of-Helsinki/palvelutarjotin-admin/node_modules/vitest/dist/vendor/execute.27Kk4lQF.js:153:22)
    at Wrapper (C:\dev\projects\City-of-Helsinki\palvelutarjotin-admin\src\utils\testUtils.tsx:116:12)
    at renderWithHooks (C:\dev\projects\City-of-Helsinki\palvelutarjotin-admin\node_modules\react-dom\cjs\react-dom.development.js:16305:18)
    at mountIndeterminateComponent (C:\dev\projects\City-of-Helsinki\palvelutarjotin-admin\node_modules\react-dom\cjs\react-dom.development.js:20074:13)
    at beginWork (C:\dev\projects\City-of-Helsinki\palvelutarjotin-admin\node_modules\react-dom\cjs\react-dom.development.js:21587:16)
    at beginWork$1 (C:\dev\projects\City-of-Helsinki\palvelutarjotin-admin\node_modules\react-dom\cjs\react-dom.development.js:27426:14)
    at performUnitOfWork (C:\dev\projects\City-of-Helsinki\palvelutarjotin-admin\node_modules\react-dom\cjs\react-dom.development.js:26560:12)
    at workLoopSync (C:\dev\projects\City-of-Helsinki\palvelutarjotin-admin\node_modules\react-dom\cjs\react-dom.development.js:26466:5)
    at renderRootSync (C:\dev\projects\City-of-Helsinki\palvelutarjotin-admin\node_modules\react-dom\cjs\react-dom.development.js:26434:7)]]>
      </error>
    </testCase>
  </file>
  <file path="src\domain\occurrence\enrolmentDetails\__tests__\EnrolmentDetails.test.tsx">
    <testCase name="matches snapshot" duration="5108">
      <error message="Test timed out in 5000ms.
If this is a long-running test, pass a timeout value as the last argument or configure it globally with &quot;testTimeout&quot;.">
        <![CDATA[Error: Test timed out in 5000ms.
If this is a long-running test, pass a timeout value as the last argument or configure it globally with &quot;testTimeout&quot;.
    at Timeout.&lt;anonymous&gt; (file:///C:/dev/projects/City-of-Helsinki/palvelutarjotin-admin/node_modules/@vitest/runner/dist/index.js:63:16)
    at listOnTimeout (node:internal/timers:573:17)
    at processTimers (node:internal/timers:514:7)]]>
      </error>
    </testCase>
    <testCase name="renders correct information" duration="5045">
      <error message="Test timed out in 5000ms.
If this is a long-running test, pass a timeout value as the last argument or configure it globally with &quot;testTimeout&quot;.">
        <![CDATA[Error: Test timed out in 5000ms.
If this is a long-running test, pass a timeout value as the last argument or configure it globally with &quot;testTimeout&quot;.
    at Timeout.&lt;anonymous&gt; (file:///C:/dev/projects/City-of-Helsinki/palvelutarjotin-admin/node_modules/@vitest/runner/dist/index.js:63:16)
    at listOnTimeout (node:internal/timers:573:17)
    at processTimers (node:internal/timers:514:7)]]>
      </error>
    </testCase>
    <testCase name="enrolment action buttons work correctly" duration="5022">
      <error message="Test timed out in 5000ms.
If this is a long-running test, pass a timeout value as the last argument or configure it globally with &quot;testTimeout&quot;.">
        <![CDATA[Error: Test timed out in 5000ms.
If this is a long-running test, pass a timeout value as the last argument or configure it globally with &quot;testTimeout&quot;.
    at Timeout.&lt;anonymous&gt; (file:///C:/dev/projects/City-of-Helsinki/palvelutarjotin-admin/node_modules/@vitest/runner/dist/index.js:63:16)
    at listOnTimeout (node:internal/timers:573:17)
    at processTimers (node:internal/timers:514:7)]]>
      </error>
    </testCase>
    <testCase name="renders multiple studygroups correctly" duration="5032">
      <error message="Test timed out in 5000ms.
If this is a long-running test, pass a timeout value as the last argument or configure it globally with &quot;testTimeout&quot;.">
        <![CDATA[Error: Test timed out in 5000ms.
If this is a long-running test, pass a timeout value as the last argument or configure it globally with &quot;testTimeout&quot;.
    at Timeout.&lt;anonymous&gt; (file:///C:/dev/projects/City-of-Helsinki/palvelutarjotin-admin/node_modules/@vitest/runner/dist/index.js:63:16)
    at listOnTimeout (node:internal/timers:573:17)
    at processTimers (node:internal/timers:514:7)]]>
      </error>
    </testCase>
  </file>
  <file path="src\domain\occurrence\enrolmentTable\actionsDropdown\__tests__\ActionsDropdown.test.tsx">
    <testCase name="open menu correctly" duration="5558">
      <error message="Test timed out in 5000ms.
If this is a long-running test, pass a timeout value as the last argument or configure it globally with &quot;testTimeout&quot;.">
        <![CDATA[Error: Test timed out in 5000ms.
If this is a long-running test, pass a timeout value as the last argument or configure it globally with &quot;testTimeout&quot;.
    at Timeout.&lt;anonymous&gt; (file:///C:/dev/projects/City-of-Helsinki/palvelutarjotin-admin/node_modules/@vitest/runner/dist/index.js:63:16)
    at listOnTimeout (node:internal/timers:573:17)
    at processTimers (node:internal/timers:514:7)]]>
      </error>
    </testCase>
    <testCase name="canceling enrolment works from dropdown" duration="5056">
      <error message="Test timed out in 5000ms.
If this is a long-running test, pass a timeout value as the last argument or configure it globally with &quot;testTimeout&quot;.">
        <![CDATA[Error: Test timed out in 5000ms.
If this is a long-running test, pass a timeout value as the last argument or configure it globally with &quot;testTimeout&quot;.
    at Timeout.&lt;anonymous&gt; (file:///C:/dev/projects/City-of-Helsinki/palvelutarjotin-admin/node_modules/@vitest/runner/dist/index.js:63:16)
    at listOnTimeout (node:internal/timers:573:17)
    at processTimers (node:internal/timers:514:7)]]>
      </error>
    </testCase>
  </file>
  <file path="src\domain\occurrence\enrolmentTable\actionsDropdown\__tests__\QueueActionsDropdown.test.tsx">
    <testCase name="open menu correctly" duration="5652">
      <error message="Test timed out in 5000ms.
If this is a long-running test, pass a timeout value as the last argument or configure it globally with &quot;testTimeout&quot;.">
        <![CDATA[Error: Test timed out in 5000ms.
If this is a long-running test, pass a timeout value as the last argument or configure it globally with &quot;testTimeout&quot;.
    at Timeout.&lt;anonymous&gt; (file:///C:/dev/projects/City-of-Helsinki/palvelutarjotin-admin/node_modules/@vitest/runner/dist/index.js:63:16)
    at listOnTimeout (node:internal/timers:573:17)
    at processTimers (node:internal/timers:514:7)]]>
      </error>
    </testCase>
    <testCase name="add to the enrolments list works from dropdown" duration="5090">
      <error message="Test timed out in 5000ms.
If this is a long-running test, pass a timeout value as the last argument or configure it globally with &quot;testTimeout&quot;.">
        <![CDATA[Error: Test timed out in 5000ms.
If this is a long-running test, pass a timeout value as the last argument or configure it globally with &quot;testTimeout&quot;.
    at Timeout.&lt;anonymous&gt; (file:///C:/dev/projects/City-of-Helsinki/palvelutarjotin-admin/node_modules/@vitest/runner/dist/index.js:63:16)
    at listOnTimeout (node:internal/timers:573:17)
    at processTimers (node:internal/timers:514:7)]]>
      </error>
    </testCase>
    <testCase name="removing queued enrolment works from dropdown" duration="5077">
      <error message="Test timed out in 5000ms.
If this is a long-running test, pass a timeout value as the last argument or configure it globally with &quot;testTimeout&quot;.">
        <![CDATA[Error: Test timed out in 5000ms.
If this is a long-running test, pass a timeout value as the last argument or configure it globally with &quot;testTimeout&quot;.
    at Timeout.&lt;anonymous&gt; (file:///C:/dev/projects/City-of-Helsinki/palvelutarjotin-admin/node_modules/@vitest/runner/dist/index.js:63:16)
    at listOnTimeout (node:internal/timers:573:17)
    at processTimers (node:internal/timers:514:7)]]>
      </error>
    </testCase>
  </file>
  <file path="src\domain\occurrence\enrolmentTable\enrolmentModals\__tests__\ApproveEnrolmentModal.test.tsx">
    <testCase name="matches snapshot" duration="5100">
      <error message="Test timed out in 5000ms.
If this is a long-running test, pass a timeout value as the last argument or configure it globally with &quot;testTimeout&quot;.">
        <![CDATA[Error: Test timed out in 5000ms.
If this is a long-running test, pass a timeout value as the last argument or configure it globally with &quot;testTimeout&quot;.
    at Timeout.&lt;anonymous&gt; (file:///C:/dev/projects/City-of-Helsinki/palvelutarjotin-admin/node_modules/@vitest/runner/dist/index.js:63:16)
    at listOnTimeout (node:internal/timers:573:17)
    at processTimers (node:internal/timers:514:7)]]>
      </error>
    </testCase>
    <testCase name="renders correctly and calls approve enrolment handler" duration="5007">
      <error message="Test timed out in 5000ms.
If this is a long-running test, pass a timeout value as the last argument or configure it globally with &quot;testTimeout&quot;.">
        <![CDATA[Error: Test timed out in 5000ms.
If this is a long-running test, pass a timeout value as the last argument or configure it globally with &quot;testTimeout&quot;.
    at Timeout.&lt;anonymous&gt; (file:///C:/dev/projects/City-of-Helsinki/palvelutarjotin-admin/node_modules/@vitest/runner/dist/index.js:63:16)
    at listOnTimeout (node:internal/timers:573:17)
    at processTimers (node:internal/timers:514:7)]]>
      </error>
    </testCase>
    <testCase name="opens message section when checkbox is clicked and text can be written" duration="5012">
      <error message="Test timed out in 5000ms.
If this is a long-running test, pass a timeout value as the last argument or configure it globally with &quot;testTimeout&quot;.">
        <![CDATA[Error: Test timed out in 5000ms.
If this is a long-running test, pass a timeout value as the last argument or configure it globally with &quot;testTimeout&quot;.
    at Timeout.&lt;anonymous&gt; (file:///C:/dev/projects/City-of-Helsinki/palvelutarjotin-admin/node_modules/@vitest/runner/dist/index.js:63:16)
    at listOnTimeout (node:internal/timers:573:17)
    at processTimers (node:internal/timers:514:7)]]>
      </error>
    </testCase>
    <testCase name="renders enrollees list correctly" duration="5010">
      <error message="Test timed out in 5000ms.
If this is a long-running test, pass a timeout value as the last argument or configure it globally with &quot;testTimeout&quot;.">
        <![CDATA[Error: Test timed out in 5000ms.
If this is a long-running test, pass a timeout value as the last argument or configure it globally with &quot;testTimeout&quot;.
    at Timeout.&lt;anonymous&gt; (file:///C:/dev/projects/City-of-Helsinki/palvelutarjotin-admin/node_modules/@vitest/runner/dist/index.js:63:16)
    at listOnTimeout (node:internal/timers:573:17)
    at processTimers (node:internal/timers:514:7)]]>
      </error>
    </testCase>
  </file>
  <file path="src\domain\occurrence\enrolmentTable\enrolmentModals\__tests__\DeclineEnrolmentModal.test.tsx">
    <testCase name="matches snapshot" duration="5074">
      <error message="Test timed out in 5000ms.
If this is a long-running test, pass a timeout value as the last argument or configure it globally with &quot;testTimeout&quot;.">
        <![CDATA[Error: Test timed out in 5000ms.
If this is a long-running test, pass a timeout value as the last argument or configure it globally with &quot;testTimeout&quot;.
    at Timeout.&lt;anonymous&gt; (file:///C:/dev/projects/City-of-Helsinki/palvelutarjotin-admin/node_modules/@vitest/runner/dist/index.js:63:16)
    at listOnTimeout (node:internal/timers:573:17)
    at processTimers (node:internal/timers:514:7)]]>
      </error>
    </testCase>
    <testCase name="renders correctly and calls decline enrolment handler" duration="5008">
      <error message="Test timed out in 5000ms.
If this is a long-running test, pass a timeout value as the last argument or configure it globally with &quot;testTimeout&quot;.">
        <![CDATA[Error: Test timed out in 5000ms.
If this is a long-running test, pass a timeout value as the last argument or configure it globally with &quot;testTimeout&quot;.
    at Timeout.&lt;anonymous&gt; (file:///C:/dev/projects/City-of-Helsinki/palvelutarjotin-admin/node_modules/@vitest/runner/dist/index.js:63:16)
    at listOnTimeout (node:internal/timers:573:17)
    at processTimers (node:internal/timers:514:7)]]>
      </error>
    </testCase>
    <testCase name="calls close handle when close button is clicked" duration="5008">
      <error message="Test timed out in 5000ms.
If this is a long-running test, pass a timeout value as the last argument or configure it globally with &quot;testTimeout&quot;.">
        <![CDATA[Error: Test timed out in 5000ms.
If this is a long-running test, pass a timeout value as the last argument or configure it globally with &quot;testTimeout&quot;.
    at Timeout.&lt;anonymous&gt; (file:///C:/dev/projects/City-of-Helsinki/palvelutarjotin-admin/node_modules/@vitest/runner/dist/index.js:63:16)
    at listOnTimeout (node:internal/timers:573:17)
    at processTimers (node:internal/timers:514:7)]]>
      </error>
    </testCase>
    <testCase name="renders enrollees list correctly" duration="5017">
      <error message="Test timed out in 5000ms.
If this is a long-running test, pass a timeout value as the last argument or configure it globally with &quot;testTimeout&quot;.">
        <![CDATA[Error: Test timed out in 5000ms.
If this is a long-running test, pass a timeout value as the last argument or configure it globally with &quot;testTimeout&quot;.
    at Timeout.&lt;anonymous&gt; (file:///C:/dev/projects/City-of-Helsinki/palvelutarjotin-admin/node_modules/@vitest/runner/dist/index.js:63:16)
    at listOnTimeout (node:internal/timers:573:17)
    at processTimers (node:internal/timers:514:7)]]>
      </error>
    </testCase>
  </file>
  <file path="src\domain\occurrence\enrolmentTable\enrolmentModals\__tests__\DeleteEnrolmentModal.test.tsx">
    <testCase name="matches snapshot" duration="65">
      <error message="Snapshot `matches snapshot 1` mismatched">
        <![CDATA[Error: Snapshot `matches snapshot 1` mismatched
    at createMismatchError (file:///C:/dev/projects/City-of-Helsinki/palvelutarjotin-admin/node_modules/@vitest/snapshot/dist/index.js:1420:17)
    at SnapshotClient.assert (file:///C:/dev/projects/City-of-Helsinki/palvelutarjotin-admin/node_modules/@vitest/snapshot/dist/index.js:1517:13)
    at Proxy.&lt;anonymous&gt; (file:///C:/dev/projects/City-of-Helsinki/palvelutarjotin-admin/node_modules/vitest/dist/vendor/vi.C5mroSoP.js:231:29)
    at Proxy.toMatchSnapshot (C:\dev\projects\City-of-Helsinki\palvelutarjotin-admin\node_modules\chai\lib\chai\utils\addMethod.js:57:25)
    at C:\dev\projects\City-of-Helsinki\palvelutarjotin-admin\src\domain\occurrence\enrolmentTable\enrolmentModals\__tests__\DeleteEnrolmentModal.test.tsx:19:23
    at file:///C:/dev/projects/City-of-Helsinki/palvelutarjotin-admin/node_modules/@vitest/runner/dist/index.js:134:14
    at file:///C:/dev/projects/City-of-Helsinki/palvelutarjotin-admin/node_modules/@vitest/runner/dist/index.js:59:26
    at runTest (file:///C:/dev/projects/City-of-Helsinki/palvelutarjotin-admin/node_modules/@vitest/runner/dist/index.js:719:17)
    at runSuite (file:///C:/dev/projects/City-of-Helsinki/palvelutarjotin-admin/node_modules/@vitest/runner/dist/index.js:847:15)
    at runFiles (file:///C:/dev/projects/City-of-Helsinki/palvelutarjotin-admin/node_modules/@vitest/runner/dist/index.js:896:5)]]>
      </error>
    </testCase>
    <testCase name="renders correctly and calls delete enrolment handler when button is clicked" duration="5475">
      <error message="Test timed out in 5000ms.
If this is a long-running test, pass a timeout value as the last argument or configure it globally with &quot;testTimeout&quot;.">
        <![CDATA[Error: Test timed out in 5000ms.
If this is a long-running test, pass a timeout value as the last argument or configure it globally with &quot;testTimeout&quot;.
    at Timeout.&lt;anonymous&gt; (file:///C:/dev/projects/City-of-Helsinki/palvelutarjotin-admin/node_modules/@vitest/runner/dist/index.js:63:16)
    at listOnTimeout (node:internal/timers:573:17)
    at processTimers (node:internal/timers:514:7)]]>
      </error>
    </testCase>
  </file>
  <file path="src\domain\occurrence\enrolmentTable\enrolmentModals\__tests__\EnrolmentModal.test.tsx">
    <testCase name="matches snapshot" duration="83">
      <error message="Snapshot `matches snapshot 1` mismatched">
        <![CDATA[Error: Snapshot `matches snapshot 1` mismatched
    at createMismatchError (file:///C:/dev/projects/City-of-Helsinki/palvelutarjotin-admin/node_modules/@vitest/snapshot/dist/index.js:1420:17)
    at SnapshotClient.assert (file:///C:/dev/projects/City-of-Helsinki/palvelutarjotin-admin/node_modules/@vitest/snapshot/dist/index.js:1517:13)
    at Proxy.&lt;anonymous&gt; (file:///C:/dev/projects/City-of-Helsinki/palvelutarjotin-admin/node_modules/vitest/dist/vendor/vi.C5mroSoP.js:231:29)
    at Proxy.toMatchSnapshot (C:\dev\projects\City-of-Helsinki\palvelutarjotin-admin\node_modules\chai\lib\chai\utils\addMethod.js:57:25)
    at C:\dev\projects\City-of-Helsinki\palvelutarjotin-admin\src\domain\occurrence\enrolmentTable\enrolmentModals\__tests__\EnrolmentModal.test.tsx:20:23
    at file:///C:/dev/projects/City-of-Helsinki/palvelutarjotin-admin/node_modules/@vitest/runner/dist/index.js:134:14
    at file:///C:/dev/projects/City-of-Helsinki/palvelutarjotin-admin/node_modules/@vitest/runner/dist/index.js:59:26
    at runTest (file:///C:/dev/projects/City-of-Helsinki/palvelutarjotin-admin/node_modules/@vitest/runner/dist/index.js:719:17)
    at runSuite (file:///C:/dev/projects/City-of-Helsinki/palvelutarjotin-admin/node_modules/@vitest/runner/dist/index.js:847:15)
    at runFiles (file:///C:/dev/projects/City-of-Helsinki/palvelutarjotin-admin/node_modules/@vitest/runner/dist/index.js:896:5)]]>
      </error>
    </testCase>
    <testCase name="renders correctly and calls onClose handler when close button is clicked" duration="5038">
      <error message="Test timed out in 5000ms.
If this is a long-running test, pass a timeout value as the last argument or configure it globally with &quot;testTimeout&quot;.">
        <![CDATA[Error: Test timed out in 5000ms.
If this is a long-running test, pass a timeout value as the last argument or configure it globally with &quot;testTimeout&quot;.
    at Timeout.&lt;anonymous&gt; (file:///C:/dev/projects/City-of-Helsinki/palvelutarjotin-admin/node_modules/@vitest/runner/dist/index.js:63:16)
    at listOnTimeout (node:internal/timers:573:17)
    at processTimers (node:internal/timers:514:7)]]>
      </error>
    </testCase>
  </file>
  <file path="src\domain\occurrence\enrolmentTable\enrolmentModals\__tests__\PickQueueEnrolmentModal.test.tsx">
    <testCase name="matches snapshot" duration="91">
      <error message="Snapshot `matches snapshot 1` mismatched">
        <![CDATA[Error: Snapshot `matches snapshot 1` mismatched
    at createMismatchError (file:///C:/dev/projects/City-of-Helsinki/palvelutarjotin-admin/node_modules/@vitest/snapshot/dist/index.js:1420:17)
    at SnapshotClient.assert (file:///C:/dev/projects/City-of-Helsinki/palvelutarjotin-admin/node_modules/@vitest/snapshot/dist/index.js:1517:13)
    at Proxy.&lt;anonymous&gt; (file:///C:/dev/projects/City-of-Helsinki/palvelutarjotin-admin/node_modules/vitest/dist/vendor/vi.C5mroSoP.js:231:29)
    at Proxy.toMatchSnapshot (C:\dev\projects\City-of-Helsinki\palvelutarjotin-admin\node_modules\chai\lib\chai\utils\addMethod.js:57:25)
    at C:\dev\projects\City-of-Helsinki\palvelutarjotin-admin\src\domain\occurrence\enrolmentTable\enrolmentModals\__tests__\PickQueueEnrolmentModal.test.tsx:26:23
    at file:///C:/dev/projects/City-of-Helsinki/palvelutarjotin-admin/node_modules/@vitest/runner/dist/index.js:134:14
    at file:///C:/dev/projects/City-of-Helsinki/palvelutarjotin-admin/node_modules/@vitest/runner/dist/index.js:59:26
    at runTest (file:///C:/dev/projects/City-of-Helsinki/palvelutarjotin-admin/node_modules/@vitest/runner/dist/index.js:719:17)
    at runSuite (file:///C:/dev/projects/City-of-Helsinki/palvelutarjotin-admin/node_modules/@vitest/runner/dist/index.js:847:15)
    at runFiles (file:///C:/dev/projects/City-of-Helsinki/palvelutarjotin-admin/node_modules/@vitest/runner/dist/index.js:896:5)]]>
      </error>
    </testCase>
    <testCase name="renders correctly and calls delete enrolment handler when button is clicked" duration="5503">
      <error message="Test timed out in 5000ms.
If this is a long-running test, pass a timeout value as the last argument or configure it globally with &quot;testTimeout&quot;.">
        <![CDATA[Error: Test timed out in 5000ms.
If this is a long-running test, pass a timeout value as the last argument or configure it globally with &quot;testTimeout&quot;.
    at Timeout.&lt;anonymous&gt; (file:///C:/dev/projects/City-of-Helsinki/palvelutarjotin-admin/node_modules/@vitest/runner/dist/index.js:63:16)
    at listOnTimeout (node:internal/timers:573:17)
    at processTimers (node:internal/timers:514:7)]]>
      </error>
    </testCase>
    <testCase name="renders enrollees list correctly" duration="5031">
      <error message="Test timed out in 5000ms.
If this is a long-running test, pass a timeout value as the last argument or configure it globally with &quot;testTimeout&quot;.">
        <![CDATA[Error: Test timed out in 5000ms.
If this is a long-running test, pass a timeout value as the last argument or configure it globally with &quot;testTimeout&quot;.
    at Timeout.&lt;anonymous&gt; (file:///C:/dev/projects/City-of-Helsinki/palvelutarjotin-admin/node_modules/@vitest/runner/dist/index.js:63:16)
    at listOnTimeout (node:internal/timers:573:17)
    at processTimers (node:internal/timers:514:7)]]>
      </error>
    </testCase>
  </file>
  <file path="src\domain\occurrences\enrolmentsBadge\__tests__\EnrolmentsBadge.test.tsx">
    <testCase name="matches snapshot" duration="53" />
    <testCase name="renders seat numbers" duration="14" />
  </file>
  <file path="src\domain\occurrences\occurrencesTableReadOnly\__tests__\OccurrencesTableSummary.test.tsx">
    <testCase name="show occurrence data in the table in correct format" duration="575" />
    <testCase name="does not render enrolment info when enrolments are not done internally" duration="14" />
  </file>
  <file path="src\domain\occurrences\occurrencesTable\__tests__\ActionsDropdown.test.tsx">
    <testCase name="open menu correctly" duration="69">
      <error message="[vitest] No &quot;BrowserRouter&quot; export is defined on the &quot;react-router-dom&quot; mock. Did you forget to return it from &quot;vi.mock&quot;?
If you need to partially mock a module, you can use &quot;importOriginal&quot; helper inside:
">
        <![CDATA[Error: [vitest] No &quot;BrowserRouter&quot; export is defined on the &quot;react-router-dom&quot; mock. Did you forget to return it from &quot;vi.mock&quot;?
If you need to partially mock a module, you can use &quot;importOriginal&quot; helper inside:

    at VitestMocker.createError (file:///C:/dev/projects/City-of-Helsinki/palvelutarjotin-admin/node_modules/vitest/dist/vendor/execute.27Kk4lQF.js:79:19)
    at Object.BrowserRouter [as get] (file:///C:/dev/projects/City-of-Helsinki/palvelutarjotin-admin/node_modules/vitest/dist/vendor/execute.27Kk4lQF.js:153:22)
    at Wrapper (C:\dev\projects\City-of-Helsinki\palvelutarjotin-admin\src\utils\testUtils.tsx:85:12)
    at renderWithHooks (C:\dev\projects\City-of-Helsinki\palvelutarjotin-admin\node_modules\react-dom\cjs\react-dom.development.js:16305:18)
    at mountIndeterminateComponent (C:\dev\projects\City-of-Helsinki\palvelutarjotin-admin\node_modules\react-dom\cjs\react-dom.development.js:20074:13)
    at beginWork (C:\dev\projects\City-of-Helsinki\palvelutarjotin-admin\node_modules\react-dom\cjs\react-dom.development.js:21587:16)
    at beginWork$1 (C:\dev\projects\City-of-Helsinki\palvelutarjotin-admin\node_modules\react-dom\cjs\react-dom.development.js:27426:14)
    at performUnitOfWork (C:\dev\projects\City-of-Helsinki\palvelutarjotin-admin\node_modules\react-dom\cjs\react-dom.development.js:26560:12)
    at workLoopSync (C:\dev\projects\City-of-Helsinki\palvelutarjotin-admin\node_modules\react-dom\cjs\react-dom.development.js:26466:5)
    at renderRootSync (C:\dev\projects\City-of-Helsinki\palvelutarjotin-admin\node_modules\react-dom\cjs\react-dom.development.js:26434:7)]]>
      </error>
    </testCase>
    <testCase name="navigates correctly from actions" duration="5">
      <error message="useNavigate does not exist">
        <![CDATA[Error: useNavigate does not exist
    at R (file:///C:/dev/projects/City-of-Helsinki/palvelutarjotin-admin/node_modules/tinyspy/dist/index.js:4:11)
    at Module.E (file:///C:/dev/projects/City-of-Helsinki/palvelutarjotin-admin/node_modules/tinyspy/dist/index.js:89:3)
    at Object.spyOn (file:///C:/dev/projects/City-of-Helsinki/palvelutarjotin-admin/node_modules/@vitest/spy/dist/index.js:13:24)
    at C:\dev\projects\City-of-Helsinki\palvelutarjotin-admin\src\domain\occurrences\occurrencesTable\__tests__\ActionsDropdown.test.tsx:50:6
    at file:///C:/dev/projects/City-of-Helsinki/palvelutarjotin-admin/node_modules/@vitest/runner/dist/index.js:134:14
    at file:///C:/dev/projects/City-of-Helsinki/palvelutarjotin-admin/node_modules/@vitest/runner/dist/index.js:59:26
    at runTest (file:///C:/dev/projects/City-of-Helsinki/palvelutarjotin-admin/node_modules/@vitest/runner/dist/index.js:719:17)
    at runSuite (file:///C:/dev/projects/City-of-Helsinki/palvelutarjotin-admin/node_modules/@vitest/runner/dist/index.js:847:15)
    at runFiles (file:///C:/dev/projects/City-of-Helsinki/palvelutarjotin-admin/node_modules/@vitest/runner/dist/index.js:896:5)
    at startTests (file:///C:/dev/projects/City-of-Helsinki/palvelutarjotin-admin/node_modules/@vitest/runner/dist/index.js:905:3)]]>
      </error>
    </testCase>
    <testCase name="does not render enrollments link when enrolment type is not internal" duration="11">
      <error message="[vitest] No &quot;BrowserRouter&quot; export is defined on the &quot;react-router-dom&quot; mock. Did you forget to return it from &quot;vi.mock&quot;?
If you need to partially mock a module, you can use &quot;importOriginal&quot; helper inside:
">
        <![CDATA[Error: [vitest] No &quot;BrowserRouter&quot; export is defined on the &quot;react-router-dom&quot; mock. Did you forget to return it from &quot;vi.mock&quot;?
If you need to partially mock a module, you can use &quot;importOriginal&quot; helper inside:

    at VitestMocker.createError (file:///C:/dev/projects/City-of-Helsinki/palvelutarjotin-admin/node_modules/vitest/dist/vendor/execute.27Kk4lQF.js:79:19)
    at Object.BrowserRouter [as get] (file:///C:/dev/projects/City-of-Helsinki/palvelutarjotin-admin/node_modules/vitest/dist/vendor/execute.27Kk4lQF.js:153:22)
    at Wrapper (C:\dev\projects\City-of-Helsinki\palvelutarjotin-admin\src\utils\testUtils.tsx:85:12)
    at renderWithHooks (C:\dev\projects\City-of-Helsinki\palvelutarjotin-admin\node_modules\react-dom\cjs\react-dom.development.js:16305:18)
    at mountIndeterminateComponent (C:\dev\projects\City-of-Helsinki\palvelutarjotin-admin\node_modules\react-dom\cjs\react-dom.development.js:20074:13)
    at beginWork (C:\dev\projects\City-of-Helsinki\palvelutarjotin-admin\node_modules\react-dom\cjs\react-dom.development.js:21587:16)
    at beginWork$1 (C:\dev\projects\City-of-Helsinki\palvelutarjotin-admin\node_modules\react-dom\cjs\react-dom.development.js:27426:14)
    at performUnitOfWork (C:\dev\projects\City-of-Helsinki\palvelutarjotin-admin\node_modules\react-dom\cjs\react-dom.development.js:26560:12)
    at workLoopSync (C:\dev\projects\City-of-Helsinki\palvelutarjotin-admin\node_modules\react-dom\cjs\react-dom.development.js:26466:5)
    at renderRootSync (C:\dev\projects\City-of-Helsinki\palvelutarjotin-admin\node_modules\react-dom\cjs\react-dom.development.js:26434:7)]]>
      </error>
    </testCase>
    <testCase name="does not render enrollments link when enrolment type is not internal" duration="12">
      <error message="[vitest] No &quot;BrowserRouter&quot; export is defined on the &quot;react-router-dom&quot; mock. Did you forget to return it from &quot;vi.mock&quot;?
If you need to partially mock a module, you can use &quot;importOriginal&quot; helper inside:
">
        <![CDATA[Error: [vitest] No &quot;BrowserRouter&quot; export is defined on the &quot;react-router-dom&quot; mock. Did you forget to return it from &quot;vi.mock&quot;?
If you need to partially mock a module, you can use &quot;importOriginal&quot; helper inside:

    at VitestMocker.createError (file:///C:/dev/projects/City-of-Helsinki/palvelutarjotin-admin/node_modules/vitest/dist/vendor/execute.27Kk4lQF.js:79:19)
    at Object.BrowserRouter [as get] (file:///C:/dev/projects/City-of-Helsinki/palvelutarjotin-admin/node_modules/vitest/dist/vendor/execute.27Kk4lQF.js:153:22)
    at Wrapper (C:\dev\projects\City-of-Helsinki\palvelutarjotin-admin\src\utils\testUtils.tsx:85:12)
    at renderWithHooks (C:\dev\projects\City-of-Helsinki\palvelutarjotin-admin\node_modules\react-dom\cjs\react-dom.development.js:16305:18)
    at mountIndeterminateComponent (C:\dev\projects\City-of-Helsinki\palvelutarjotin-admin\node_modules\react-dom\cjs\react-dom.development.js:20074:13)
    at beginWork (C:\dev\projects\City-of-Helsinki\palvelutarjotin-admin\node_modules\react-dom\cjs\react-dom.development.js:21587:16)
    at beginWork$1 (C:\dev\projects\City-of-Helsinki\palvelutarjotin-admin\node_modules\react-dom\cjs\react-dom.development.js:27426:14)
    at performUnitOfWork (C:\dev\projects\City-of-Helsinki\palvelutarjotin-admin\node_modules\react-dom\cjs\react-dom.development.js:26560:12)
    at workLoopSync (C:\dev\projects\City-of-Helsinki\palvelutarjotin-admin\node_modules\react-dom\cjs\react-dom.development.js:26466:5)
    at renderRootSync (C:\dev\projects\City-of-Helsinki\palvelutarjotin-admin\node_modules\react-dom\cjs\react-dom.development.js:26434:7)]]>
      </error>
    </testCase>
    <testCase name="renders cancel modal and cancel functionality works" duration="15">
      <error message="[vitest] No &quot;BrowserRouter&quot; export is defined on the &quot;react-router-dom&quot; mock. Did you forget to return it from &quot;vi.mock&quot;?
If you need to partially mock a module, you can use &quot;importOriginal&quot; helper inside:
">
        <![CDATA[Error: [vitest] No &quot;BrowserRouter&quot; export is defined on the &quot;react-router-dom&quot; mock. Did you forget to return it from &quot;vi.mock&quot;?
If you need to partially mock a module, you can use &quot;importOriginal&quot; helper inside:

    at VitestMocker.createError (file:///C:/dev/projects/City-of-Helsinki/palvelutarjotin-admin/node_modules/vitest/dist/vendor/execute.27Kk4lQF.js:79:19)
    at Object.BrowserRouter [as get] (file:///C:/dev/projects/City-of-Helsinki/palvelutarjotin-admin/node_modules/vitest/dist/vendor/execute.27Kk4lQF.js:153:22)
    at Wrapper (C:\dev\projects\City-of-Helsinki\palvelutarjotin-admin\src\utils\testUtils.tsx:85:12)
    at renderWithHooks (C:\dev\projects\City-of-Helsinki\palvelutarjotin-admin\node_modules\react-dom\cjs\react-dom.development.js:16305:18)
    at mountIndeterminateComponent (C:\dev\projects\City-of-Helsinki\palvelutarjotin-admin\node_modules\react-dom\cjs\react-dom.development.js:20074:13)
    at beginWork (C:\dev\projects\City-of-Helsinki\palvelutarjotin-admin\node_modules\react-dom\cjs\react-dom.development.js:21587:16)
    at beginWork$1 (C:\dev\projects\City-of-Helsinki\palvelutarjotin-admin\node_modules\react-dom\cjs\react-dom.development.js:27426:14)
    at performUnitOfWork (C:\dev\projects\City-of-Helsinki\palvelutarjotin-admin\node_modules\react-dom\cjs\react-dom.development.js:26560:12)
    at workLoopSync (C:\dev\projects\City-of-Helsinki\palvelutarjotin-admin\node_modules\react-dom\cjs\react-dom.development.js:26466:5)
    at renderRootSync (C:\dev\projects\City-of-Helsinki\palvelutarjotin-admin\node_modules\react-dom\cjs\react-dom.development.js:26434:7)]]>
      </error>
    </testCase>
    <testCase name="renders delete modal correctly and delete functionality works" duration="10">
      <error message="[vitest] No &quot;BrowserRouter&quot; export is defined on the &quot;react-router-dom&quot; mock. Did you forget to return it from &quot;vi.mock&quot;?
If you need to partially mock a module, you can use &quot;importOriginal&quot; helper inside:
">
        <![CDATA[Error: [vitest] No &quot;BrowserRouter&quot; export is defined on the &quot;react-router-dom&quot; mock. Did you forget to return it from &quot;vi.mock&quot;?
If you need to partially mock a module, you can use &quot;importOriginal&quot; helper inside:

    at VitestMocker.createError (file:///C:/dev/projects/City-of-Helsinki/palvelutarjotin-admin/node_modules/vitest/dist/vendor/execute.27Kk4lQF.js:79:19)
    at Object.BrowserRouter [as get] (file:///C:/dev/projects/City-of-Helsinki/palvelutarjotin-admin/node_modules/vitest/dist/vendor/execute.27Kk4lQF.js:153:22)
    at Wrapper (C:\dev\projects\City-of-Helsinki\palvelutarjotin-admin\src\utils\testUtils.tsx:85:12)
    at renderWithHooks (C:\dev\projects\City-of-Helsinki\palvelutarjotin-admin\node_modules\react-dom\cjs\react-dom.development.js:16305:18)
    at mountIndeterminateComponent (C:\dev\projects\City-of-Helsinki\palvelutarjotin-admin\node_modules\react-dom\cjs\react-dom.development.js:20074:13)
    at beginWork (C:\dev\projects\City-of-Helsinki\palvelutarjotin-admin\node_modules\react-dom\cjs\react-dom.development.js:21587:16)
    at beginWork$1 (C:\dev\projects\City-of-Helsinki\palvelutarjotin-admin\node_modules\react-dom\cjs\react-dom.development.js:27426:14)
    at performUnitOfWork (C:\dev\projects\City-of-Helsinki\palvelutarjotin-admin\node_modules\react-dom\cjs\react-dom.development.js:26560:12)
    at workLoopSync (C:\dev\projects\City-of-Helsinki\palvelutarjotin-admin\node_modules\react-dom\cjs\react-dom.development.js:26466:5)
    at renderRootSync (C:\dev\projects\City-of-Helsinki\palvelutarjotin-admin\node_modules\react-dom\cjs\react-dom.development.js:26434:7)]]>
      </error>
    </testCase>
  </file>
  <file path="src\domain\organisation\__tests__\actions.test.ts">
    <testCase name="organisation actions - should create an action to clear active organisation" duration="4" />
    <testCase name="organisation actions - should create an action to set active organisation" duration="1" />
  </file>
  <file path="src\domain\organisation\__tests__\reducers.test.ts">
    <testCase name="organisation reducer - should handle CLEAR_ACTIVE_ORGANISATION" duration="4" />
    <testCase name="organisation reducer - should handle SET_ACTIVE_ORGANISATION" duration="1" />
  </file>
  <file path="src\domain\place\__tests__\utils.test.ts">
    <testCase name="generateHslLink function - shouldreturn valid hsl direction link" duration="3" />
    <testCase name="generateServiceMapLink function - shouldreturn valid service map link" duration="1" />
  </file>
  <file path="src\domain\place\placeInfo\__tests__\PlaceInfo.test.tsx">
    <testCase name="PlaceInfo should match snapshot" duration="5107">
      <error message="Test timed out in 5000ms.
If this is a long-running test, pass a timeout value as the last argument or configure it globally with &quot;testTimeout&quot;.">
        <![CDATA[Error: Test timed out in 5000ms.
If this is a long-running test, pass a timeout value as the last argument or configure it globally with &quot;testTimeout&quot;.
    at Timeout.&lt;anonymous&gt; (file:///C:/dev/projects/City-of-Helsinki/palvelutarjotin-admin/node_modules/@vitest/runner/dist/index.js:63:16)
    at listOnTimeout (node:internal/timers:573:17)
    at processTimers (node:internal/timers:514:7)]]>
      </error>
    </testCase>
  </file>
  <file path="src\headless-cms\__tests__\utils.test.ts">
    <testCase name="uriToBreadcrumbs - uriToBreadcrumbs(&quot;&apos;&apos;&quot;) returns []" duration="3" />
    <testCase name="uriToBreadcrumbs - uriToBreadcrumbs(&quot;&apos;/slug1/&apos;&quot;) returns [ &apos;/slug1/&apos; ]" duration="1" />
    <testCase name="uriToBreadcrumbs - uriToBreadcrumbs(&quot;&apos;/slug1/slug2/&apos;&quot;) returns [ &apos;/slug1/&apos;, &apos;/slug1/slug2/&apos; ]" duration="0" />
    <testCase name="uriToBreadcrumbs - uriToBreadcrumbs(&quot;&apos;/slug1/slug2/slug3/&apos;&quot;) returns [ &apos;/slug1/&apos;, &apos;/slug1/slug2/&apos;, (1) ]" duration="0" />
    <testCase name="uriToBreadcrumbs - uriToBreadcrumbs(&quot;&apos;/slug1/slug2/slug3/slug4/&apos;&quot;) returns [ &apos;/slug1/&apos;, &apos;/slug1/slug2/&apos;, (2) ]" duration="1" />
    <testCase name="stripLocaleFromUri - stripLocaleFromUri(&quot;&apos;/en/ensdgfdsd/&apos;&quot;) returns &apos;/ensdgfdsd/&apos;" duration="0" />
    <testCase name="stripLocaleFromUri - stripLocaleFromUri(&quot;&apos;/en/ensdgfdsd/slug&apos;&quot;) returns &apos;/ensdgfdsd/slug&apos;" duration="1" />
    <testCase name="stripLocaleFromUri - stripLocaleFromUri(&quot;&apos;/svaasdfgds/&apos;&quot;) returns &apos;/svaasdfgds/&apos;" duration="0" />
    <testCase name="stripLocaleFromUri - stripLocaleFromUri(&quot;&apos;/fi/slug1&apos;&quot;) returns &apos;/slug1&apos;" duration="0" />
    <testCase name="stripLocaleFromUri - stripLocaleFromUri(&quot;&apos;/sv/slug1/&apos;&quot;) returns &apos;/slug1/&apos;" duration="0" />
    <testCase name="stripLocaleFromUri - stripLocaleFromUri(&quot;&apos;/sv1/slug1/&apos;&quot;) returns &apos;/sv1/slug1/&apos;" duration="1" />
    <testCase name="stripLocaleFromUri - stripLocaleFromUri(&quot;&apos;/fiI/slug1/&apos;&quot;) returns &apos;/fiI/slug1/&apos;" duration="0" />
    <testCase name="stripLocaleFromUri - stripLocaleFromUri(&quot;&apos;/fi10/slug1/&apos;&quot;) returns &apos;/fi10/slug1/&apos;" duration="0" />
    <testCase name="removeSurroundingSlashes - removeSurroundingSlashes(&quot;&apos;/moi/&apos;&quot;) returns &apos;moi&apos;" duration="0" />
    <testCase name="removeSurroundingSlashes - removeSurroundingSlashes(&quot;&apos;/slug1/slug2/&apos;&quot;) returns &apos;slug1/slug2&apos;" duration="1" />
    <testCase name="slugsToUriSegments - slugsToUriSegments(&quot;undefined&quot;) returns []" duration="0" />
    <testCase name="slugsToUriSegments - slugsToUriSegments(&quot;undefined&quot;) returns [ &apos;/slug1/&apos; ]" duration="0" />
    <testCase name="slugsToUriSegments - slugsToUriSegments(&quot;undefined&quot;) returns [ &apos;/slug1/&apos;, &apos;/slug1/slug2/&apos; ]" duration="0" />
    <testCase name="slugsToUriSegments - slugsToUriSegments(&quot;undefined&quot;) returns [ &apos;/slug1/&apos;, &apos;/slug1/slug2/&apos;, (1) ]" duration="1" />
    <testCase name="getCmsUriFromPath - getCmsUriFromPath(&quot;undefined&quot;) returns &apos;/test&apos;" duration="0" />
    <testCase name="getCmsUriFromPath - getCmsUriFromPath(&quot;undefined&quot;) returns &apos;/test&apos;" duration="0" />
    <testCase name="getCmsUriFromPath - getCmsUriFromPath(&quot;undefined&quot;) returns &apos;/test&apos;" duration="1" />
    <testCase name="getCmsUriFromPath - getCmsUriFromPath(&quot;undefined&quot;) returns &apos;/test/test2&apos;" duration="0" />
    <testCase name="getCmsUriFromPath - getCmsUriFromPath(&quot;undefined&quot;) returns &apos;/test/test2/test3&apos;" duration="0" />
    <testCase name="normalizeCmsUri - normalizeCmsUri(&quot;&apos;/fi/test1/&apos;&quot;) returns &apos;test1&apos;" duration="0" />
    <testCase name="normalizeCmsUri - normalizeCmsUri(&quot;&apos;/en/test1/test2/&apos;&quot;) returns &apos;test1/test2&apos;" duration="0" />
    <testCase name="normalizeCmsUri - normalizeCmsUri(&quot;&apos;/sv/test1/test2/test3&apos;&quot;) returns &apos;test1/test2/test3&apos;" duration="0" />
    <testCase name="queryPageWithUri - fetches page with uri" duration="105" />
  </file>
  <file path="src\headless-cms\components\__tests__\CmsPage.test.tsx">
    <testCase name="renders CMS page and navigation flow works" duration="0">
      <skipped message="renders CMS page and navigation flow works" />
    </testCase>
    <testCase name="CMS sub pages can be searched" duration="5128">
      <error message="Test timed out in 5000ms.
If this is a long-running test, pass a timeout value as the last argument or configure it globally with &quot;testTimeout&quot;.">
        <![CDATA[Error: Test timed out in 5000ms.
If this is a long-running test, pass a timeout value as the last argument or configure it globally with &quot;testTimeout&quot;.
    at Timeout.&lt;anonymous&gt; (file:///C:/dev/projects/City-of-Helsinki/palvelutarjotin-admin/node_modules/@vitest/runner/dist/index.js:63:16)
    at listOnTimeout (node:internal/timers:573:17)
    at processTimers (node:internal/timers:514:7)]]>
      </error>
    </testCase>
    <testCase name="renders with sidebar layout when sidebar has content" duration="5011">
      <error message="Test timed out in 5000ms.
If this is a long-running test, pass a timeout value as the last argument or configure it globally with &quot;testTimeout&quot;.">
        <![CDATA[Error: Test timed out in 5000ms.
If this is a long-running test, pass a timeout value as the last argument or configure it globally with &quot;testTimeout&quot;.
    at Timeout.&lt;anonymous&gt; (file:///C:/dev/projects/City-of-Helsinki/palvelutarjotin-admin/node_modules/@vitest/runner/dist/index.js:63:16)
    at listOnTimeout (node:internal/timers:573:17)
    at processTimers (node:internal/timers:514:7)]]>
      </error>
    </testCase>
  </file>
  <file path="src\hooks\__tests__\useDropdownKeyboardNavigation.test.tsx">
    <testCase name="useDropdownKeyboardNavigation - changes focusedIndex correctly" duration="27" />
    <testCase name="useDropdownKeyboardNavigation - changes focusedIndex correctly when initialFocusedIndex is given and arrow down is pressed" duration="5" />
    <testCase name="useDropdownKeyboardNavigation - changes focusedIndex correctly when initialFocusedIndex is given and arrow up is pressed" duration="6" />
  </file>
  <file path="src\utils\__tests__\addUrlSlashes.test.ts">
    <testCase name="works correctly on url with or without protocol" duration="4" />
  </file>
  <file path="src\utils\__tests__\formatDate.test.ts">
    <testCase name="formatDate function - format date string" duration="4" />
  </file>
  <file path="src\utils\__tests__\getLanguageCode.test.ts">
    <testCase name="getLanguageCode function - should map En/Fi/Sv to same language" duration="1" />
  </file>
  <file path="src\utils\__tests__\getLocalizedString.test.ts">
    <testCase name="getLocalisedString function - shouldreturn localised string" duration="3" />
    <testCase name="getLocalisedString function - shouldreturn string in default language when localised string is not found" duration="0" />
  </file>
  <file path="src\utils\__tests__\getPageNumberFromUrl.test.ts">
    <testCase name="getPageNumberFromUrl function - should return page number" duration="6" />
    <testCase name="getPageNumberFromUrl function - should return 0 when page number doesn&apos;t found" duration="1" />
  </file>
  <file path="src\utils\__tests__\sortFavorably.test.ts">
    <testCase name="sortFavorably function - adds favored items in the beginning and rest of the items alphabetically" duration="3" />
    <testCase name="sortFavorably function - should not mutate given parameters" duration="0" />
  </file>
  <file path="src\utils\__tests__\translateUtils.test.ts">
    <testCase name="toCamelCase function - convert snake case string to camel case" duration="4" />
    <testCase name="toPascalCase function - convert snake case string to pascal case" duration="0" />
  </file>
  <file path="src\utils\time\___tests__\format.test.ts">
    <testCase name="format - formatIntoDateTime - returns correctly formatted datetime" duration="6" />
    <testCase name="format - formatIntoTime - returns correctly formatted date" duration="1" />
    <testCase name="format - formatIntoDate - returns correctly formatted time" duration="1" />
  </file>
</testExecutions>